Started GET "/" for 127.0.0.1 at 2023-01-11 22:40:49 +0530
Processing by Rails::WelcomeController#index as HTML
  Rendering C:/Ruby32-x64/lib/ruby/gems/3.2.0/gems/railties-7.0.4/lib/rails/templates/rails/welcome/index.html.erb
  Rendered C:/Ruby32-x64/lib/ruby/gems/3.2.0/gems/railties-7.0.4/lib/rails/templates/rails/welcome/index.html.erb (Duration: 871.2ms | Allocations: 668)
Completed 200 OK in 1136ms (Views: 934.5ms | ActiveRecord: 0.0ms | Allocations: 5717)


Started GET "/" for 127.0.0.1 at 2023-01-11 22:55:17 +0530
Processing by ApplicationController#landing as HTML
  Rendering html template
  Rendered html template (Duration: 0.1ms | Allocations: 16)
Completed 200 OK in 63ms (Views: 22.7ms | ActiveRecord: 0.0ms | Allocations: 2373)


  [1m[35m (302.0ms)[0m  [1m[35mCREATE TABLE "schema_migrations" ("version" varchar NOT NULL PRIMARY KEY)[0m
  [1m[35m (204.4ms)[0m  [1m[35mCREATE TABLE "ar_internal_metadata" ("key" varchar NOT NULL PRIMARY KEY, "value" varchar, "created_at" datetime(6) NOT NULL, "updated_at" datetime(6) NOT NULL)[0m
  [1m[36mActiveRecord::SchemaMigration Pluck (0.3ms)[0m  [1m[34mSELECT "schema_migrations"."version" FROM "schema_migrations" ORDER BY "schema_migrations"."version" ASC[0m
Migrating to CreateBlog (20230111173302)
  [1m[36mTRANSACTION (0.2ms)[0m  [1m[36mbegin transaction[0m
  [1m[35m (1.9ms)[0m  [1m[35mCREATE TABLE "blogs" ("id" integer PRIMARY KEY AUTOINCREMENT NOT NULL, "title" varchar, "created_at" datetime(6) NOT NULL, "updated_at" datetime(6) NOT NULL)[0m
  [1m[36mActiveRecord::SchemaMigration Create (0.3ms)[0m  [1m[32mINSERT INTO "schema_migrations" ("version") VALUES (?)[0m  [["version", "20230111173302"]]
  [1m[36mTRANSACTION (130.4ms)[0m  [1m[36mcommit transaction[0m
  [1m[36mActiveRecord::InternalMetadata Load (0.3ms)[0m  [1m[34mSELECT "ar_internal_metadata".* FROM "ar_internal_metadata" WHERE "ar_internal_metadata"."key" = ? LIMIT ?[0m  [["key", "environment"], ["LIMIT", 1]]
  [1m[36mTRANSACTION (0.1ms)[0m  [1m[36mbegin transaction[0m
  [1m[36mActiveRecord::InternalMetadata Create (1.2ms)[0m  [1m[32mINSERT INTO "ar_internal_metadata" ("key", "value", "created_at", "updated_at") VALUES (?, ?, ?, ?)[0m  [["key", "environment"], ["value", "development"], ["created_at", "2023-01-11 17:44:46.143187"], ["updated_at", "2023-01-11 17:44:46.143187"]]
  [1m[36mTRANSACTION (111.8ms)[0m  [1m[36mcommit transaction[0m
  [1m[36mActiveRecord::SchemaMigration Pluck (0.9ms)[0m  [1m[34mSELECT "schema_migrations"."version" FROM "schema_migrations" ORDER BY "schema_migrations"."version" ASC[0m
  [1m[36mBlog Load (0.3ms)[0m  [1m[34mSELECT "blogs".* FROM "blogs"[0m
  [1m[36mTRANSACTION (0.1ms)[0m  [1m[36mbegin transaction[0m
  [1m[36mBlog Create (2.0ms)[0m  [1m[32mINSERT INTO "blogs" ("title", "created_at", "updated_at") VALUES (?, ?, ?)[0m  [["title", "Health Blog"], ["created_at", "2023-01-11 17:52:26.361673"], ["updated_at", "2023-01-11 17:52:26.361673"]]
  [1m[36mTRANSACTION (155.5ms)[0m  [1m[36mcommit transaction[0m
  [1m[36mBlog Load (1.2ms)[0m  [1m[34mSELECT "blogs".* FROM "blogs"[0m
  [1m[36mTRANSACTION (0.1ms)[0m  [1m[36mbegin transaction[0m
  [1m[36mBlog Create (2.3ms)[0m  [1m[32mINSERT INTO "blogs" ("title", "created_at", "updated_at") VALUES (?, ?, ?)[0m  [["title", "Historical places"], ["created_at", "2023-01-11 17:58:45.027127"], ["updated_at", "2023-01-11 17:58:45.027127"]]
  [1m[36mTRANSACTION (96.3ms)[0m  [1m[36mcommit transaction[0m
  [1m[36mBlog Load (0.9ms)[0m  [1m[34mSELECT "blogs".* FROM "blogs"[0m
  [1m[36mTRANSACTION (0.1ms)[0m  [1m[36mbegin transaction[0m
  [1m[36mBlog Create (3.9ms)[0m  [1m[32mINSERT INTO "blogs" ("title", "created_at", "updated_at") VALUES (?, ?, ?)[0m  [["title", "Nearby hotels"], ["created_at", "2023-01-11 18:14:13.253351"], ["updated_at", "2023-01-11 18:14:13.253351"]]
  [1m[36mTRANSACTION (90.1ms)[0m  [1m[36mcommit transaction[0m
  [1m[36mBlog Load (0.3ms)[0m  [1m[34mSELECT "blogs".* FROM "blogs"[0m
  [1m[36mActiveRecord::SchemaMigration Pluck (20.6ms)[0m  [1m[34mSELECT "schema_migrations"."version" FROM "schema_migrations" ORDER BY "schema_migrations"."version" ASC[0m
Migrating to BlogMissingcontent (20230111183004)
  [1m[36mTRANSACTION (0.2ms)[0m  [1m[36mbegin transaction[0m
  [1m[35m (1.1ms)[0m  [1m[35mALTER TABLE "Blog" ADD "content" varchar[0m
  [1m[36mTRANSACTION (0.2ms)[0m  [1m[31mrollback transaction[0m
  [1m[36mBlog Load (0.3ms)[0m  [1m[34mSELECT "blogs".* FROM "blogs"[0m
  [1m[36mBlog Load (0.3ms)[0m  [1m[34mSELECT "blogs".* FROM "blogs"[0m
  [1m[36mBlog Load (0.7ms)[0m  [1m[34mSELECT "blogs".* FROM "blogs"[0m
  [1m[36mActiveRecord::SchemaMigration Pluck (0.4ms)[0m  [1m[34mSELECT "schema_migrations"."version" FROM "schema_migrations" ORDER BY "schema_migrations"."version" ASC[0m
Migrating to BlogMissingcontent (20230111184916)
  [1m[36mTRANSACTION (0.1ms)[0m  [1m[36mbegin transaction[0m
  [1m[35m (79.0ms)[0m  [1m[35mALTER TABLE "blogs" ADD "content" varchar[0m
  [1m[35m (8.9ms)[0m  [1m[35mALTER TABLE "blogs" ADD "imagelink" varchar[0m
  [1m[36mActiveRecord::SchemaMigration Create (1.6ms)[0m  [1m[32mINSERT INTO "schema_migrations" ("version") VALUES (?)[0m  [["version", "20230111184916"]]
  [1m[36mTRANSACTION (91.1ms)[0m  [1m[36mcommit transaction[0m
  [1m[36mActiveRecord::InternalMetadata Load (0.6ms)[0m  [1m[34mSELECT "ar_internal_metadata".* FROM "ar_internal_metadata" WHERE "ar_internal_metadata"."key" = ? LIMIT ?[0m  [["key", "environment"], ["LIMIT", 1]]
  [1m[36mActiveRecord::SchemaMigration Pluck (0.2ms)[0m  [1m[34mSELECT "schema_migrations"."version" FROM "schema_migrations" ORDER BY "schema_migrations"."version" ASC[0m
  [1m[36mBlog Load (0.3ms)[0m  [1m[34mSELECT "blogs".* FROM "blogs"[0m
  [1m[36mBlog Load (395.7ms)[0m  [1m[34mSELECT "blogs".* FROM "blogs" WHERE "blogs"."id" = ? LIMIT ?[0m  [["id", 1], ["LIMIT", 1]]
  [1m[36mTRANSACTION (0.1ms)[0m  [1m[36mbegin transaction[0m
  [1m[36mBlog Update (371.8ms)[0m  [1m[33mUPDATE "blogs" SET "updated_at" = ?, "content" = ?, "imagelink" = ? WHERE "blogs"."id" = ?[0m  [["updated_at", "2023-01-11 19:03:53.907413"], ["content", "Health is very important,so have healthy meal"], ["imagelink", "dummylink1"], ["id", 1]]
  [1m[36mTRANSACTION (650.7ms)[0m  [1m[36mcommit transaction[0m
  [1m[36mBlog Load (0.4ms)[0m  [1m[34mSELECT "blogs".* FROM "blogs"[0m
  [1m[36mBlog Load (0.9ms)[0m  [1m[34mSELECT "blogs".* FROM "blogs" WHERE "blogs"."id" = ? LIMIT ?[0m  [["id", 2], ["LIMIT", 1]]
  [1m[36mTRANSACTION (0.1ms)[0m  [1m[36mbegin transaction[0m
  [1m[36mBlog Update (15.0ms)[0m  [1m[33mUPDATE "blogs" SET "updated_at" = ?, "content" = ?, "imagelink" = ? WHERE "blogs"."id" = ?[0m  [["updated_at", "2023-01-11 19:09:13.571839"], ["content", "Jaipur"], ["imagelink", "dummylink2toJaipur"], ["id", 2]]
  [1m[36mTRANSACTION (1461.6ms)[0m  [1m[36mcommit transaction[0m
  [1m[36mBlog Load (0.3ms)[0m  [1m[34mSELECT "blogs".* FROM "blogs"[0m
  [1m[36mBlog Load (0.6ms)[0m  [1m[34mSELECT "blogs".* FROM "blogs" WHERE "blogs"."id" = ? LIMIT ?[0m  [["id", 3], ["LIMIT", 1]]
  [1m[36mTRANSACTION (0.1ms)[0m  [1m[36mbegin transaction[0m
  [1m[36mBlog Update (2.2ms)[0m  [1m[33mUPDATE "blogs" SET "updated_at" = ?, "content" = ?, "imagelink" = ? WHERE "blogs"."id" = ?[0m  [["updated_at", "2023-01-11 19:11:28.614589"], ["content", "Priyadarshini"], ["imagelink", "dummylink3toHotelPriyadarshini"], ["id", 3]]
  [1m[36mTRANSACTION (149.3ms)[0m  [1m[36mcommit transaction[0m
  [1m[36mBlog Load (0.5ms)[0m  [1m[34mSELECT "blogs".* FROM "blogs"[0m
  [1m[36mBlog Load (0.9ms)[0m  [1m[34mSELECT "blogs".* FROM "blogs" WHERE "blogs"."id" = ? LIMIT ?[0m  [["id", 2], ["LIMIT", 1]]
  [1m[36mBlog Load (0.6ms)[0m  [1m[34mSELECT "blogs".* FROM "blogs" WHERE "blogs"."title" = ?[0m  [["title", "Health Blog"]]
  [1m[36mTRANSACTION (0.1ms)[0m  [1m[36mbegin transaction[0m
  [1m[36mBlog Create (48.1ms)[0m  [1m[32mINSERT INTO "blogs" ("title", "created_at", "updated_at", "content", "imagelink") VALUES (?, ?, ?, ?, ?)[0m  [["title", nil], ["created_at", "2023-01-11 19:29:15.039838"], ["updated_at", "2023-01-11 19:29:15.039838"], ["content", nil], ["imagelink", nil]]
  [1m[36mTRANSACTION (110.3ms)[0m  [1m[36mcommit transaction[0m
  [1m[36mBlog Load (0.3ms)[0m  [1m[34mSELECT "blogs".* FROM "blogs"[0m
  [1m[36mBlog Load (0.3ms)[0m  [1m[34mSELECT "blogs".* FROM "blogs" WHERE "blogs"."id" = ? LIMIT ?[0m  [["id", 4], ["LIMIT", 1]]
  [1m[36mBlog Load (0.4ms)[0m  [1m[34mSELECT "blogs".* FROM "blogs" WHERE "blogs"."id" = ? LIMIT ?[0m  [["id", 4], ["LIMIT", 1]]
  [1m[36mBlog Load (0.4ms)[0m  [1m[34mSELECT "blogs".* FROM "blogs"[0m
  [1m[36mBlog Load (0.4ms)[0m  [1m[34mSELECT "blogs".* FROM "blogs" WHERE "blogs"."id" = ? LIMIT ?[0m  [["id", 4], ["LIMIT", 1]]
  [1m[36mBlog Load (0.4ms)[0m  [1m[34mSELECT "blogs".* FROM "blogs" WHERE "blogs"."id" = ? LIMIT ?[0m  [["id", 3], ["LIMIT", 1]]
  [1m[36mBlog Load (0.4ms)[0m  [1m[34mSELECT "blogs".* FROM "blogs" WHERE "blogs"."id" = ? LIMIT ?[0m  [["id", 4], ["LIMIT", 1]]
  [1m[36mTRANSACTION (0.1ms)[0m  [1m[36mbegin transaction[0m
  [1m[36mBlog Destroy (41.0ms)[0m  [1m[31mDELETE FROM "blogs" WHERE "blogs"."id" = ?[0m  [["id", 4]]
  [1m[36mTRANSACTION (99.8ms)[0m  [1m[36mcommit transaction[0m
  [1m[36mBlog Load (0.2ms)[0m  [1m[34mSELECT "blogs".* FROM "blogs"[0m
  [1m[36mBlog Load (0.6ms)[0m  [1m[34mSELECT "blogs".* FROM "blogs" WHERE "blogs"."id" = ? LIMIT ?[0m  [["id", 3], ["LIMIT", 1]]
  [1m[36mTRANSACTION (0.1ms)[0m  [1m[36mbegin transaction[0m
  [1m[36mBlog Destroy (3.5ms)[0m  [1m[31mDELETE FROM "blogs" WHERE "blogs"."id" = ?[0m  [["id", 3]]
  [1m[36mTRANSACTION (122.5ms)[0m  [1m[36mcommit transaction[0m
  [1m[36mBlog Load (0.3ms)[0m  [1m[34mSELECT "blogs".* FROM "blogs"[0m
  [1m[36mBlog Count (0.6ms)[0m  [1m[34mSELECT COUNT(*) FROM "blogs"[0m
  [1m[36mBlog Load (0.5ms)[0m  [1m[34mSELECT "blogs".* FROM "blogs"[0m
  [1m[36mBlog Load (0.5ms)[0m  [1m[34mSELECT "blogs".* FROM "blogs"[0m
  [1m[36mBlog Load (0.3ms)[0m  [1m[34mSELECT "blogs".* FROM "blogs" WHERE "blogs"."id" = ? LIMIT ?[0m  [["id", 2], ["LIMIT", 1]]
Started GET "/" for 127.0.0.1 at 2023-01-12 02:06:22 +0530
  [1m[36mActiveRecord::SchemaMigration Pluck (0.3ms)[0m  [1m[34mSELECT "schema_migrations"."version" FROM "schema_migrations" ORDER BY "schema_migrations"."version" ASC[0m
Processing by ApplicationController#landing as HTML
  Rendering html template
  Rendered html template (Duration: 0.1ms | Allocations: 16)
Completed 200 OK in 77ms (Views: 49.7ms | ActiveRecord: 0.0ms | Allocations: 2251)


Started GET "/blog" for 127.0.0.1 at 2023-01-12 02:06:42 +0530
  
AbstractController::ActionNotFound (The action 'index' could not be found for BlogController):
  
actionpack (7.0.4) lib/abstract_controller/base.rb:146:in `process'
actionview (7.0.4) lib/action_view/rendering.rb:39:in `process'
actionpack (7.0.4) lib/action_controller/metal.rb:188:in `dispatch'
actionpack (7.0.4) lib/action_controller/metal.rb:251:in `dispatch'
actionpack (7.0.4) lib/action_dispatch/routing/route_set.rb:49:in `dispatch'
actionpack (7.0.4) lib/action_dispatch/routing/route_set.rb:32:in `serve'
actionpack (7.0.4) lib/action_dispatch/journey/router.rb:50:in `block in serve'
actionpack (7.0.4) lib/action_dispatch/journey/router.rb:32:in `each'
actionpack (7.0.4) lib/action_dispatch/journey/router.rb:32:in `serve'
actionpack (7.0.4) lib/action_dispatch/routing/route_set.rb:852:in `call'
rack (2.2.5) lib/rack/tempfile_reaper.rb:15:in `call'
rack (2.2.5) lib/rack/etag.rb:27:in `call'
rack (2.2.5) lib/rack/conditional_get.rb:27:in `call'
rack (2.2.5) lib/rack/head.rb:12:in `call'
actionpack (7.0.4) lib/action_dispatch/http/permissions_policy.rb:38:in `call'
actionpack (7.0.4) lib/action_dispatch/http/content_security_policy.rb:36:in `call'
rack (2.2.5) lib/rack/session/abstract/id.rb:266:in `context'
rack (2.2.5) lib/rack/session/abstract/id.rb:260:in `call'
actionpack (7.0.4) lib/action_dispatch/middleware/cookies.rb:696:in `call'
activerecord (7.0.4) lib/active_record/migration.rb:603:in `call'
actionpack (7.0.4) lib/action_dispatch/middleware/callbacks.rb:27:in `block in call'
activesupport (7.0.4) lib/active_support/callbacks.rb:99:in `run_callbacks'
actionpack (7.0.4) lib/action_dispatch/middleware/callbacks.rb:26:in `call'
actionpack (7.0.4) lib/action_dispatch/middleware/executor.rb:14:in `call'
actionpack (7.0.4) lib/action_dispatch/middleware/actionable_exceptions.rb:17:in `call'
actionpack (7.0.4) lib/action_dispatch/middleware/debug_exceptions.rb:28:in `call'
web-console (4.2.0) lib/web_console/middleware.rb:132:in `call_app'
web-console (4.2.0) lib/web_console/middleware.rb:28:in `block in call'
web-console (4.2.0) lib/web_console/middleware.rb:17:in `catch'
web-console (4.2.0) lib/web_console/middleware.rb:17:in `call'
actionpack (7.0.4) lib/action_dispatch/middleware/show_exceptions.rb:26:in `call'
railties (7.0.4) lib/rails/rack/logger.rb:40:in `call_app'
railties (7.0.4) lib/rails/rack/logger.rb:25:in `block in call'
activesupport (7.0.4) lib/active_support/tagged_logging.rb:99:in `block in tagged'
activesupport (7.0.4) lib/active_support/tagged_logging.rb:37:in `tagged'
activesupport (7.0.4) lib/active_support/tagged_logging.rb:99:in `tagged'
railties (7.0.4) lib/rails/rack/logger.rb:25:in `call'
sprockets-rails (3.4.2) lib/sprockets/rails/quiet_assets.rb:13:in `call'
actionpack (7.0.4) lib/action_dispatch/middleware/remote_ip.rb:93:in `call'
actionpack (7.0.4) lib/action_dispatch/middleware/request_id.rb:26:in `call'
rack (2.2.5) lib/rack/method_override.rb:24:in `call'
rack (2.2.5) lib/rack/runtime.rb:22:in `call'
activesupport (7.0.4) lib/active_support/cache/strategy/local_cache_middleware.rb:29:in `call'
actionpack (7.0.4) lib/action_dispatch/middleware/server_timing.rb:61:in `block in call'
actionpack (7.0.4) lib/action_dispatch/middleware/server_timing.rb:26:in `collect_events'
actionpack (7.0.4) lib/action_dispatch/middleware/server_timing.rb:60:in `call'
actionpack (7.0.4) lib/action_dispatch/middleware/executor.rb:14:in `call'
actionpack (7.0.4) lib/action_dispatch/middleware/static.rb:23:in `call'
rack (2.2.5) lib/rack/sendfile.rb:110:in `call'
actionpack (7.0.4) lib/action_dispatch/middleware/host_authorization.rb:137:in `call'
railties (7.0.4) lib/rails/engine.rb:530:in `call'
puma (5.6.5) lib/puma/configuration.rb:252:in `call'
puma (5.6.5) lib/puma/request.rb:77:in `block in handle_request'
puma (5.6.5) lib/puma/thread_pool.rb:340:in `with_force_shutdown'
puma (5.6.5) lib/puma/request.rb:76:in `handle_request'
puma (5.6.5) lib/puma/server.rb:443:in `process_client'
puma (5.6.5) lib/puma/thread_pool.rb:147:in `block in spawn_thread'
Started GET "/blog" for 127.0.0.1 at 2023-01-12 02:08:00 +0530
Processing by BlogController#index as HTML
  Rendering html template
  Rendered html template (Duration: 0.1ms | Allocations: 6)
Completed 200 OK in 8ms (Views: 2.8ms | Allocations: 413)


Started GET "/blog" for 127.0.0.1 at 2023-01-12 02:09:27 +0530
Processing by BlogController#index as HTML
  [1m[36mBlog Load (0.2ms)[0m  [1m[34mSELECT "blogs".* FROM "blogs"[0m
  ↳ app/controllers/blog_controller.rb:3:in `index'
Completed 200 OK in 143ms (Views: 131.8ms | ActiveRecord: 2.4ms | Allocations: 6783)


Started GET "/blog" for 127.0.0.1 at 2023-01-12 02:13:59 +0530
Processing by BlogController#index as */*
  Parameters: {"propertyname"=>"Hotelnew", "city"=>"Salem", "country"=>"India", "address"=>"Salem no 1iiiiiiiiiiiiiiiiiiiiiiiiiiiiiiii India", "typeofresidency"=>"Hotel", "price"=>8000, "description"=>"India", "rules"=>"no wifi", "rating"=>4, "blog"=>{}}
  [1m[36mBlog Load (0.3ms)[0m  [1m[34mSELECT "blogs".* FROM "blogs"[0m
  ↳ app/controllers/blog_controller.rb:3:in `index'
Completed 200 OK in 14ms (Views: 8.8ms | ActiveRecord: 0.3ms | Allocations: 1021)


Started GET "/blog" for 127.0.0.1 at 2023-01-12 02:20:22 +0530
  [1m[36mActiveRecord::SchemaMigration Pluck (0.3ms)[0m  [1m[34mSELECT "schema_migrations"."version" FROM "schema_migrations" ORDER BY "schema_migrations"."version" ASC[0m
Processing by BlogController#index as HTML
  [1m[36mBlog Load (0.3ms)[0m  [1m[34mSELECT "blogs".* FROM "blogs"[0m
  ↳ app/controllers/blog_controller.rb:3:in `index'
Completed 200 OK in 55ms (Views: 21.7ms | ActiveRecord: 1.4ms | Allocations: 7854)


Started GET "/blog/2" for 127.0.0.1 at 2023-01-12 02:24:54 +0530
Processing by BlogController#show as HTML
  Parameters: {"id"=>"2"}
  [1m[36mBlog Load (0.4ms)[0m  [1m[34mSELECT "blogs".* FROM "blogs" WHERE "blogs"."id" = ? LIMIT ?[0m  [["id", 2], ["LIMIT", 1]]
  ↳ app/controllers/blog_controller.rb:6:in `show'
Completed 200 OK in 266ms (Views: 1.3ms | ActiveRecord: 0.4ms | Allocations: 14107)


  [1m[36mBlog Load (0.3ms)[0m  [1m[34mSELECT "blogs".* FROM "blogs"[0m
Started GET "/" for 127.0.0.1 at 2023-01-12 17:37:03 +0530
  [1m[36mActiveRecord::SchemaMigration Pluck (49.2ms)[0m  [1m[34mSELECT "schema_migrations"."version" FROM "schema_migrations" ORDER BY "schema_migrations"."version" ASC[0m
Processing by ApplicationController#landing as HTML
  Rendering html template
  Rendered html template (Duration: 0.3ms | Allocations: 16)
Completed 200 OK in 197ms (Views: 120.4ms | ActiveRecord: 0.0ms | Allocations: 2250)


Started GET "/blog" for 127.0.0.1 at 2023-01-12 17:37:25 +0530
Processing by BlogController#index as HTML
  [1m[36mBlog Load (0.3ms)[0m  [1m[34mSELECT "blogs".* FROM "blogs"[0m
  ↳ app/controllers/blog_controller.rb:5:in `index'
Completed 200 OK in 52ms (Views: 40.6ms | ActiveRecord: 2.4ms | Allocations: 6672)


Started GET "/blog" for 127.0.0.1 at 2023-01-12 17:39:51 +0530
Processing by BlogController#index as */*
  Parameters: {"id"=>3, "playername"=>"Pandya", "teamname"=>"Delhi", "roles"=>"Batsman", "amount"=>200000, "totalruns"=>1000, "totalwicket"=>3, "internationalranking"=>1000, "country"=>"India", "blog"=>{"id"=>3}}
  [1m[36mBlog Load (0.3ms)[0m  [1m[34mSELECT "blogs".* FROM "blogs"[0m
  ↳ app/controllers/blog_controller.rb:5:in `index'
Completed 200 OK in 18ms (Views: 9.8ms | ActiveRecord: 0.3ms | Allocations: 1005)


Started GET "/blog" for 127.0.0.1 at 2023-01-12 17:44:40 +0530
Processing by BlogController#index as */*
  Parameters: {"id"=>3, "title"=>"Seven wonders", "content"=>"Below are 7 wonders of world", "imagelink"=>"dummylink3", "blog"=>{"id"=>3, "title"=>"Seven wonders", "content"=>"Below are 7 wonders of world", "imagelink"=>"dummylink3"}}
  [1m[36mBlog Load (0.3ms)[0m  [1m[34mSELECT "blogs".* FROM "blogs"[0m
  ↳ app/controllers/blog_controller.rb:5:in `index'
Completed 200 OK in 15ms (Views: 9.7ms | ActiveRecord: 0.3ms | Allocations: 993)


Started POST "/blog" for 127.0.0.1 at 2023-01-12 17:45:11 +0530
Processing by BlogController#create as */*
  Parameters: {"id"=>3, "title"=>"Seven wonders", "content"=>"Below are 7 wonders of world", "imagelink"=>"dummylink3", "blog"=>{"id"=>3, "title"=>"Seven wonders", "content"=>"Below are 7 wonders of world", "imagelink"=>"dummylink3"}}
  [1m[36mTRANSACTION (0.1ms)[0m  [1m[36mbegin transaction[0m
  ↳ app/controllers/blog_controller.rb:17:in `create'
  [1m[36mBlog Create (157.6ms)[0m  [1m[32mINSERT INTO "blogs" ("title", "created_at", "updated_at", "content", "imagelink") VALUES (?, ?, ?, ?, ?)[0m  [["title", "Seven wonders"], ["created_at", "2023-01-12 12:15:11.946074"], ["updated_at", "2023-01-12 12:15:11.946074"], ["content", "Below are 7 wonders of world"], ["imagelink", "dummylink3"]]
  ↳ app/controllers/blog_controller.rb:17:in `create'
  [1m[36mTRANSACTION (275.8ms)[0m  [1m[36mcommit transaction[0m
  ↳ app/controllers/blog_controller.rb:17:in `create'
Completed 200 OK in 487ms (Views: 0.3ms | ActiveRecord: 433.5ms | Allocations: 3154)


Started GET "/blog" for 127.0.0.1 at 2023-01-12 17:46:54 +0530
Processing by BlogController#index as */*
  Parameters: {"id"=>3, "title"=>"Seven wonders", "content"=>"Below are 7 wonders of world", "imagelink"=>"dummylink3", "blog"=>{"id"=>3, "title"=>"Seven wonders", "content"=>"Below are 7 wonders of world", "imagelink"=>"dummylink3"}}
  [1m[36mBlog Load (0.3ms)[0m  [1m[34mSELECT "blogs".* FROM "blogs"[0m
  ↳ app/controllers/blog_controller.rb:5:in `index'
Completed 200 OK in 15ms (Views: 7.0ms | ActiveRecord: 0.3ms | Allocations: 1151)


Started POST "/blog/4" for 127.0.0.1 at 2023-01-12 17:48:36 +0530
  
ActionController::RoutingError (No route matches [POST] "/blog/4"):
  
Started POST "/blog/4" for 127.0.0.1 at 2023-01-12 17:49:33 +0530
  
ActionController::RoutingError (No route matches [POST] "/blog/4"):
  
Started POST "/blog/4" for 127.0.0.1 at 2023-01-12 17:49:55 +0530
  
ActionController::RoutingError (No route matches [POST] "/blog/4"):
  
Started POST "/blog/" for 127.0.0.1 at 2023-01-12 17:50:50 +0530
Processing by BlogController#create as */*
  Parameters: {"title"=>"Herovired training", "content"=>"best training on full stack development", "imagelink"=>"dummylink4", "blog"=>{"title"=>"Herovired training", "content"=>"best training on full stack development", "imagelink"=>"dummylink4"}}
  [1m[36mTRANSACTION (0.1ms)[0m  [1m[36mbegin transaction[0m
  ↳ app/controllers/blog_controller.rb:17:in `create'
  [1m[36mBlog Create (26.6ms)[0m  [1m[32mINSERT INTO "blogs" ("title", "created_at", "updated_at", "content", "imagelink") VALUES (?, ?, ?, ?, ?)[0m  [["title", "Herovired training"], ["created_at", "2023-01-12 12:20:50.147638"], ["updated_at", "2023-01-12 12:20:50.147638"], ["content", "best training on full stack development"], ["imagelink", "dummylink4"]]
  ↳ app/controllers/blog_controller.rb:17:in `create'
  [1m[36mTRANSACTION (421.6ms)[0m  [1m[36mcommit transaction[0m
  ↳ app/controllers/blog_controller.rb:17:in `create'
Completed 200 OK in 474ms (Views: 3.0ms | ActiveRecord: 448.3ms | Allocations: 1938)


