Started GET "/" for 127.0.0.1 at 2023-01-09 12:51:17 +0530
Processing by Rails::WelcomeController#index as HTML
  Rendering C:/Ruby32-x64/lib/ruby/gems/3.2.0/gems/railties-7.0.4/lib/rails/templates/rails/welcome/index.html.erb
  Rendered C:/Ruby32-x64/lib/ruby/gems/3.2.0/gems/railties-7.0.4/lib/rails/templates/rails/welcome/index.html.erb (Duration: 206.2ms | Allocations: 664)
Completed 200 OK in 557ms (Views: 343.6ms | ActiveRecord: 0.0ms | Allocations: 5712)


Started GET "/" for 127.0.0.1 at 2023-01-09 13:09:27 +0530
Processing by ApplicationController#hello as HTML
  Rendering html template
  Rendered html template (Duration: 0.2ms | Allocations: 13)
Completed 200 OK in 58ms (Views: 52.5ms | Allocations: 722)


Started GET "/" for 127.0.0.1 at 2023-01-09 14:14:45 +0530
  
AbstractController::ActionNotFound (The action 'home' could not be found for PagesController):
  
actionpack (7.0.4) lib/abstract_controller/base.rb:146:in `process'
actionview (7.0.4) lib/action_view/rendering.rb:39:in `process'
actionpack (7.0.4) lib/action_controller/metal.rb:188:in `dispatch'
actionpack (7.0.4) lib/action_controller/metal.rb:251:in `dispatch'
actionpack (7.0.4) lib/action_dispatch/routing/route_set.rb:49:in `dispatch'
actionpack (7.0.4) lib/action_dispatch/routing/route_set.rb:32:in `serve'
actionpack (7.0.4) lib/action_dispatch/journey/router.rb:50:in `block in serve'
actionpack (7.0.4) lib/action_dispatch/journey/router.rb:32:in `each'
actionpack (7.0.4) lib/action_dispatch/journey/router.rb:32:in `serve'
actionpack (7.0.4) lib/action_dispatch/routing/route_set.rb:852:in `call'
rack (2.2.5) lib/rack/tempfile_reaper.rb:15:in `call'
rack (2.2.5) lib/rack/etag.rb:27:in `call'
rack (2.2.5) lib/rack/conditional_get.rb:27:in `call'
rack (2.2.5) lib/rack/head.rb:12:in `call'
actionpack (7.0.4) lib/action_dispatch/http/permissions_policy.rb:38:in `call'
actionpack (7.0.4) lib/action_dispatch/http/content_security_policy.rb:36:in `call'
rack (2.2.5) lib/rack/session/abstract/id.rb:266:in `context'
rack (2.2.5) lib/rack/session/abstract/id.rb:260:in `call'
actionpack (7.0.4) lib/action_dispatch/middleware/cookies.rb:696:in `call'
activerecord (7.0.4) lib/active_record/migration.rb:603:in `call'
actionpack (7.0.4) lib/action_dispatch/middleware/callbacks.rb:27:in `block in call'
activesupport (7.0.4) lib/active_support/callbacks.rb:99:in `run_callbacks'
actionpack (7.0.4) lib/action_dispatch/middleware/callbacks.rb:26:in `call'
actionpack (7.0.4) lib/action_dispatch/middleware/executor.rb:14:in `call'
actionpack (7.0.4) lib/action_dispatch/middleware/actionable_exceptions.rb:17:in `call'
actionpack (7.0.4) lib/action_dispatch/middleware/debug_exceptions.rb:28:in `call'
web-console (4.2.0) lib/web_console/middleware.rb:132:in `call_app'
web-console (4.2.0) lib/web_console/middleware.rb:28:in `block in call'
web-console (4.2.0) lib/web_console/middleware.rb:17:in `catch'
web-console (4.2.0) lib/web_console/middleware.rb:17:in `call'
actionpack (7.0.4) lib/action_dispatch/middleware/show_exceptions.rb:26:in `call'
railties (7.0.4) lib/rails/rack/logger.rb:40:in `call_app'
railties (7.0.4) lib/rails/rack/logger.rb:25:in `block in call'
activesupport (7.0.4) lib/active_support/tagged_logging.rb:99:in `block in tagged'
activesupport (7.0.4) lib/active_support/tagged_logging.rb:37:in `tagged'
activesupport (7.0.4) lib/active_support/tagged_logging.rb:99:in `tagged'
railties (7.0.4) lib/rails/rack/logger.rb:25:in `call'
sprockets-rails (3.4.2) lib/sprockets/rails/quiet_assets.rb:13:in `call'
actionpack (7.0.4) lib/action_dispatch/middleware/remote_ip.rb:93:in `call'
actionpack (7.0.4) lib/action_dispatch/middleware/request_id.rb:26:in `call'
rack (2.2.5) lib/rack/method_override.rb:24:in `call'
rack (2.2.5) lib/rack/runtime.rb:22:in `call'
activesupport (7.0.4) lib/active_support/cache/strategy/local_cache_middleware.rb:29:in `call'
actionpack (7.0.4) lib/action_dispatch/middleware/server_timing.rb:61:in `block in call'
actionpack (7.0.4) lib/action_dispatch/middleware/server_timing.rb:26:in `collect_events'
actionpack (7.0.4) lib/action_dispatch/middleware/server_timing.rb:60:in `call'
actionpack (7.0.4) lib/action_dispatch/middleware/executor.rb:14:in `call'
actionpack (7.0.4) lib/action_dispatch/middleware/static.rb:23:in `call'
rack (2.2.5) lib/rack/sendfile.rb:110:in `call'
actionpack (7.0.4) lib/action_dispatch/middleware/host_authorization.rb:137:in `call'
railties (7.0.4) lib/rails/engine.rb:530:in `call'
puma (5.6.5) lib/puma/configuration.rb:252:in `call'
puma (5.6.5) lib/puma/request.rb:77:in `block in handle_request'
puma (5.6.5) lib/puma/thread_pool.rb:340:in `with_force_shutdown'
puma (5.6.5) lib/puma/request.rb:76:in `handle_request'
puma (5.6.5) lib/puma/server.rb:443:in `process_client'
puma (5.6.5) lib/puma/thread_pool.rb:147:in `block in spawn_thread'
Started GET "/" for 127.0.0.1 at 2023-01-09 14:15:29 +0530
  
AbstractController::ActionNotFound (The action 'home' could not be found for PagesController):
  
actionpack (7.0.4) lib/abstract_controller/base.rb:146:in `process'
actionview (7.0.4) lib/action_view/rendering.rb:39:in `process'
actionpack (7.0.4) lib/action_controller/metal.rb:188:in `dispatch'
actionpack (7.0.4) lib/action_controller/metal.rb:251:in `dispatch'
actionpack (7.0.4) lib/action_dispatch/routing/route_set.rb:49:in `dispatch'
actionpack (7.0.4) lib/action_dispatch/routing/route_set.rb:32:in `serve'
actionpack (7.0.4) lib/action_dispatch/journey/router.rb:50:in `block in serve'
actionpack (7.0.4) lib/action_dispatch/journey/router.rb:32:in `each'
actionpack (7.0.4) lib/action_dispatch/journey/router.rb:32:in `serve'
actionpack (7.0.4) lib/action_dispatch/routing/route_set.rb:852:in `call'
rack (2.2.5) lib/rack/tempfile_reaper.rb:15:in `call'
rack (2.2.5) lib/rack/etag.rb:27:in `call'
rack (2.2.5) lib/rack/conditional_get.rb:27:in `call'
rack (2.2.5) lib/rack/head.rb:12:in `call'
actionpack (7.0.4) lib/action_dispatch/http/permissions_policy.rb:38:in `call'
actionpack (7.0.4) lib/action_dispatch/http/content_security_policy.rb:36:in `call'
rack (2.2.5) lib/rack/session/abstract/id.rb:266:in `context'
rack (2.2.5) lib/rack/session/abstract/id.rb:260:in `call'
actionpack (7.0.4) lib/action_dispatch/middleware/cookies.rb:696:in `call'
activerecord (7.0.4) lib/active_record/migration.rb:603:in `call'
actionpack (7.0.4) lib/action_dispatch/middleware/callbacks.rb:27:in `block in call'
activesupport (7.0.4) lib/active_support/callbacks.rb:99:in `run_callbacks'
actionpack (7.0.4) lib/action_dispatch/middleware/callbacks.rb:26:in `call'
actionpack (7.0.4) lib/action_dispatch/middleware/executor.rb:14:in `call'
actionpack (7.0.4) lib/action_dispatch/middleware/actionable_exceptions.rb:17:in `call'
actionpack (7.0.4) lib/action_dispatch/middleware/debug_exceptions.rb:28:in `call'
web-console (4.2.0) lib/web_console/middleware.rb:132:in `call_app'
web-console (4.2.0) lib/web_console/middleware.rb:28:in `block in call'
web-console (4.2.0) lib/web_console/middleware.rb:17:in `catch'
web-console (4.2.0) lib/web_console/middleware.rb:17:in `call'
actionpack (7.0.4) lib/action_dispatch/middleware/show_exceptions.rb:26:in `call'
railties (7.0.4) lib/rails/rack/logger.rb:40:in `call_app'
railties (7.0.4) lib/rails/rack/logger.rb:25:in `block in call'
activesupport (7.0.4) lib/active_support/tagged_logging.rb:99:in `block in tagged'
activesupport (7.0.4) lib/active_support/tagged_logging.rb:37:in `tagged'
activesupport (7.0.4) lib/active_support/tagged_logging.rb:99:in `tagged'
railties (7.0.4) lib/rails/rack/logger.rb:25:in `call'
sprockets-rails (3.4.2) lib/sprockets/rails/quiet_assets.rb:13:in `call'
actionpack (7.0.4) lib/action_dispatch/middleware/remote_ip.rb:93:in `call'
actionpack (7.0.4) lib/action_dispatch/middleware/request_id.rb:26:in `call'
rack (2.2.5) lib/rack/method_override.rb:24:in `call'
rack (2.2.5) lib/rack/runtime.rb:22:in `call'
activesupport (7.0.4) lib/active_support/cache/strategy/local_cache_middleware.rb:29:in `call'
actionpack (7.0.4) lib/action_dispatch/middleware/server_timing.rb:61:in `block in call'
actionpack (7.0.4) lib/action_dispatch/middleware/server_timing.rb:26:in `collect_events'
actionpack (7.0.4) lib/action_dispatch/middleware/server_timing.rb:60:in `call'
actionpack (7.0.4) lib/action_dispatch/middleware/executor.rb:14:in `call'
actionpack (7.0.4) lib/action_dispatch/middleware/static.rb:23:in `call'
rack (2.2.5) lib/rack/sendfile.rb:110:in `call'
actionpack (7.0.4) lib/action_dispatch/middleware/host_authorization.rb:137:in `call'
railties (7.0.4) lib/rails/engine.rb:530:in `call'
puma (5.6.5) lib/puma/configuration.rb:252:in `call'
puma (5.6.5) lib/puma/request.rb:77:in `block in handle_request'
puma (5.6.5) lib/puma/thread_pool.rb:340:in `with_force_shutdown'
puma (5.6.5) lib/puma/request.rb:76:in `handle_request'
puma (5.6.5) lib/puma/server.rb:443:in `process_client'
puma (5.6.5) lib/puma/thread_pool.rb:147:in `block in spawn_thread'
Started GET "/" for 127.0.0.1 at 2023-01-09 14:15:40 +0530
  
AbstractController::ActionNotFound (The action 'home' could not be found for PagesController):
  
actionpack (7.0.4) lib/abstract_controller/base.rb:146:in `process'
actionview (7.0.4) lib/action_view/rendering.rb:39:in `process'
actionpack (7.0.4) lib/action_controller/metal.rb:188:in `dispatch'
actionpack (7.0.4) lib/action_controller/metal.rb:251:in `dispatch'
actionpack (7.0.4) lib/action_dispatch/routing/route_set.rb:49:in `dispatch'
actionpack (7.0.4) lib/action_dispatch/routing/route_set.rb:32:in `serve'
actionpack (7.0.4) lib/action_dispatch/journey/router.rb:50:in `block in serve'
actionpack (7.0.4) lib/action_dispatch/journey/router.rb:32:in `each'
actionpack (7.0.4) lib/action_dispatch/journey/router.rb:32:in `serve'
actionpack (7.0.4) lib/action_dispatch/routing/route_set.rb:852:in `call'
rack (2.2.5) lib/rack/tempfile_reaper.rb:15:in `call'
rack (2.2.5) lib/rack/etag.rb:27:in `call'
rack (2.2.5) lib/rack/conditional_get.rb:27:in `call'
rack (2.2.5) lib/rack/head.rb:12:in `call'
actionpack (7.0.4) lib/action_dispatch/http/permissions_policy.rb:38:in `call'
actionpack (7.0.4) lib/action_dispatch/http/content_security_policy.rb:36:in `call'
rack (2.2.5) lib/rack/session/abstract/id.rb:266:in `context'
rack (2.2.5) lib/rack/session/abstract/id.rb:260:in `call'
actionpack (7.0.4) lib/action_dispatch/middleware/cookies.rb:696:in `call'
activerecord (7.0.4) lib/active_record/migration.rb:603:in `call'
actionpack (7.0.4) lib/action_dispatch/middleware/callbacks.rb:27:in `block in call'
activesupport (7.0.4) lib/active_support/callbacks.rb:99:in `run_callbacks'
actionpack (7.0.4) lib/action_dispatch/middleware/callbacks.rb:26:in `call'
actionpack (7.0.4) lib/action_dispatch/middleware/executor.rb:14:in `call'
actionpack (7.0.4) lib/action_dispatch/middleware/actionable_exceptions.rb:17:in `call'
actionpack (7.0.4) lib/action_dispatch/middleware/debug_exceptions.rb:28:in `call'
web-console (4.2.0) lib/web_console/middleware.rb:132:in `call_app'
web-console (4.2.0) lib/web_console/middleware.rb:28:in `block in call'
web-console (4.2.0) lib/web_console/middleware.rb:17:in `catch'
web-console (4.2.0) lib/web_console/middleware.rb:17:in `call'
actionpack (7.0.4) lib/action_dispatch/middleware/show_exceptions.rb:26:in `call'
railties (7.0.4) lib/rails/rack/logger.rb:40:in `call_app'
railties (7.0.4) lib/rails/rack/logger.rb:25:in `block in call'
activesupport (7.0.4) lib/active_support/tagged_logging.rb:99:in `block in tagged'
activesupport (7.0.4) lib/active_support/tagged_logging.rb:37:in `tagged'
activesupport (7.0.4) lib/active_support/tagged_logging.rb:99:in `tagged'
railties (7.0.4) lib/rails/rack/logger.rb:25:in `call'
sprockets-rails (3.4.2) lib/sprockets/rails/quiet_assets.rb:13:in `call'
actionpack (7.0.4) lib/action_dispatch/middleware/remote_ip.rb:93:in `call'
actionpack (7.0.4) lib/action_dispatch/middleware/request_id.rb:26:in `call'
rack (2.2.5) lib/rack/method_override.rb:24:in `call'
rack (2.2.5) lib/rack/runtime.rb:22:in `call'
activesupport (7.0.4) lib/active_support/cache/strategy/local_cache_middleware.rb:29:in `call'
actionpack (7.0.4) lib/action_dispatch/middleware/server_timing.rb:61:in `block in call'
actionpack (7.0.4) lib/action_dispatch/middleware/server_timing.rb:26:in `collect_events'
actionpack (7.0.4) lib/action_dispatch/middleware/server_timing.rb:60:in `call'
actionpack (7.0.4) lib/action_dispatch/middleware/executor.rb:14:in `call'
actionpack (7.0.4) lib/action_dispatch/middleware/static.rb:23:in `call'
rack (2.2.5) lib/rack/sendfile.rb:110:in `call'
actionpack (7.0.4) lib/action_dispatch/middleware/host_authorization.rb:137:in `call'
railties (7.0.4) lib/rails/engine.rb:530:in `call'
puma (5.6.5) lib/puma/configuration.rb:252:in `call'
puma (5.6.5) lib/puma/request.rb:77:in `block in handle_request'
puma (5.6.5) lib/puma/thread_pool.rb:340:in `with_force_shutdown'
puma (5.6.5) lib/puma/request.rb:76:in `handle_request'
puma (5.6.5) lib/puma/server.rb:443:in `process_client'
puma (5.6.5) lib/puma/thread_pool.rb:147:in `block in spawn_thread'
Started GET "/" for 127.0.0.1 at 2023-01-09 14:19:57 +0530
Started GET "/" for 127.0.0.1 at 2023-01-09 14:19:57 +0530
Started GET "/" for 127.0.0.1 at 2023-01-09 14:19:57 +0530
  
AbstractController::ActionNotFound (The action 'home' could not be found for PagesController):
  
actionpack (7.0.4) lib/abstract_controller/base.rb:146:in `process'
actionview (7.0.4) lib/action_view/rendering.rb:39:in `process'
actionpack (7.0.4) lib/action_controller/metal.rb:188:in `dispatch'
actionpack (7.0.4) lib/action_controller/metal.rb:251:in `dispatch'
actionpack (7.0.4) lib/action_dispatch/routing/route_set.rb:49:in `dispatch'
actionpack (7.0.4) lib/action_dispatch/routing/route_set.rb:32:in `serve'
actionpack (7.0.4) lib/action_dispatch/journey/router.rb:50:in `block in serve'
actionpack (7.0.4) lib/action_dispatch/journey/router.rb:32:in `each'
actionpack (7.0.4) lib/action_dispatch/journey/router.rb:32:in `serve'
actionpack (7.0.4) lib/action_dispatch/routing/route_set.rb:852:in `call'
rack (2.2.5) lib/rack/tempfile_reaper.rb:15:in `call'
rack (2.2.5) lib/rack/etag.rb:27:in `call'
rack (2.2.5) lib/rack/conditional_get.rb:27:in `call'
rack (2.2.5) lib/rack/head.rb:12:in `call'
actionpack (7.0.4) lib/action_dispatch/http/permissions_policy.rb:38:in `call'
actionpack (7.0.4) lib/action_dispatch/http/content_security_policy.rb:36:in `call'
rack (2.2.5) lib/rack/session/abstract/id.rb:266:in `context'
rack (2.2.5) lib/rack/session/abstract/id.rb:260:in `call'
actionpack (7.0.4) lib/action_dispatch/middleware/cookies.rb:696:in `call'
activerecord (7.0.4) lib/active_record/migration.rb:603:in `call'
actionpack (7.0.4) lib/action_dispatch/middleware/callbacks.rb:27:in `block in call'
activesupport (7.0.4) lib/active_support/callbacks.rb:99:in `run_callbacks'
actionpack (7.0.4) lib/action_dispatch/middleware/callbacks.rb:26:in `call'
actionpack (7.0.4) lib/action_dispatch/middleware/executor.rb:14:in `call'
actionpack (7.0.4) lib/action_dispatch/middleware/actionable_exceptions.rb:17:in `call'
actionpack (7.0.4) lib/action_dispatch/middleware/debug_exceptions.rb:28:in `call'
web-console (4.2.0) lib/web_console/middleware.rb:132:in `call_app'
web-console (4.2.0) lib/web_console/middleware.rb:28:in `block in call'
web-console (4.2.0) lib/web_console/middleware.rb:17:in `catch'
web-console (4.2.0) lib/web_console/middleware.rb:17:in `call'
actionpack (7.0.4) lib/action_dispatch/middleware/show_exceptions.rb:26:in `call'
railties (7.0.4) lib/rails/rack/logger.rb:40:in `call_app'
railties (7.0.4) lib/rails/rack/logger.rb:25:in `block in call'
activesupport (7.0.4) lib/active_support/tagged_logging.rb:99:in `block in tagged'
activesupport (7.0.4) lib/active_support/tagged_logging.rb:37:in `tagged'
activesupport (7.0.4) lib/active_support/tagged_logging.rb:99:in `tagged'
railties (7.0.4) lib/rails/rack/logger.rb:25:in `call'
sprockets-rails (3.4.2) lib/sprockets/rails/quiet_assets.rb:13:in `call'
actionpack (7.0.4) lib/action_dispatch/middleware/remote_ip.rb:93:in `call'
actionpack (7.0.4) lib/action_dispatch/middleware/request_id.rb:26:in `call'
rack (2.2.5) lib/rack/method_override.rb:24:in `call'
rack (2.2.5) lib/rack/runtime.rb:22:in `call'
activesupport (7.0.4) lib/active_support/cache/strategy/local_cache_middleware.rb:29:in `call'
actionpack (7.0.4) lib/action_dispatch/middleware/server_timing.rb:61:in `block in call'
actionpack (7.0.4) lib/action_dispatch/middleware/server_timing.rb:26:in `collect_events'
actionpack (7.0.4) lib/action_dispatch/middleware/server_timing.rb:60:in `call'
actionpack (7.0.4) lib/action_dispatch/middleware/executor.rb:14:in `call'
actionpack (7.0.4) lib/action_dispatch/middleware/static.rb:23:in `call'
rack (2.2.5) lib/rack/sendfile.rb:110:in `call'
actionpack (7.0.4) lib/action_dispatch/middleware/host_authorization.rb:137:in `call'
railties (7.0.4) lib/rails/engine.rb:530:in `call'
puma (5.6.5) lib/puma/configuration.rb:252:in `call'
puma (5.6.5) lib/puma/request.rb:77:in `block in handle_request'
puma (5.6.5) lib/puma/thread_pool.rb:340:in `with_force_shutdown'
puma (5.6.5) lib/puma/request.rb:76:in `handle_request'
puma (5.6.5) lib/puma/server.rb:443:in `process_client'
puma (5.6.5) lib/puma/thread_pool.rb:147:in `block in spawn_thread'
  
AbstractController::ActionNotFound (The action 'home' could not be found for PagesController):
  
actionpack (7.0.4) lib/abstract_controller/base.rb:146:in `process'
actionview (7.0.4) lib/action_view/rendering.rb:39:in `process'
actionpack (7.0.4) lib/action_controller/metal.rb:188:in `dispatch'
actionpack (7.0.4) lib/action_controller/metal.rb:251:in `dispatch'
actionpack (7.0.4) lib/action_dispatch/routing/route_set.rb:49:in `dispatch'
actionpack (7.0.4) lib/action_dispatch/routing/route_set.rb:32:in `serve'
actionpack (7.0.4) lib/action_dispatch/journey/router.rb:50:in `block in serve'
actionpack (7.0.4) lib/action_dispatch/journey/router.rb:32:in `each'
actionpack (7.0.4) lib/action_dispatch/journey/router.rb:32:in `serve'
actionpack (7.0.4) lib/action_dispatch/routing/route_set.rb:852:in `call'
rack (2.2.5) lib/rack/tempfile_reaper.rb:15:in `call'
rack (2.2.5) lib/rack/etag.rb:27:in `call'
rack (2.2.5) lib/rack/conditional_get.rb:27:in `call'
rack (2.2.5) lib/rack/head.rb:12:in `call'
actionpack (7.0.4) lib/action_dispatch/http/permissions_policy.rb:38:in `call'
actionpack (7.0.4) lib/action_dispatch/http/content_security_policy.rb:36:in `call'
rack (2.2.5) lib/rack/session/abstract/id.rb:266:in `context'
rack (2.2.5) lib/rack/session/abstract/id.rb:260:in `call'
actionpack (7.0.4) lib/action_dispatch/middleware/cookies.rb:696:in `call'
activerecord (7.0.4) lib/active_record/migration.rb:603:in `call'
actionpack (7.0.4) lib/action_dispatch/middleware/callbacks.rb:27:in `block in call'
activesupport (7.0.4) lib/active_support/callbacks.rb:99:in `run_callbacks'
actionpack (7.0.4) lib/action_dispatch/middleware/callbacks.rb:26:in `call'
actionpack (7.0.4) lib/action_dispatch/middleware/executor.rb:14:in `call'
actionpack (7.0.4) lib/action_dispatch/middleware/actionable_exceptions.rb:17:in `call'
actionpack (7.0.4) lib/action_dispatch/middleware/debug_exceptions.rb:28:in `call'
web-console (4.2.0) lib/web_console/middleware.rb:132:in `call_app'
web-console (4.2.0) lib/web_console/middleware.rb:28:in `block in call'
web-console (4.2.0) lib/web_console/middleware.rb:17:in `catch'
web-console (4.2.0) lib/web_console/middleware.rb:17:in `call'
actionpack (7.0.4) lib/action_dispatch/middleware/show_exceptions.rb:26:in `call'
railties (7.0.4) lib/rails/rack/logger.rb:40:in `call_app'
railties (7.0.4) lib/rails/rack/logger.rb:25:in `block in call'
activesupport (7.0.4) lib/active_support/tagged_logging.rb:99:in `block in tagged'
activesupport (7.0.4) lib/active_support/tagged_logging.rb:37:in `tagged'
activesupport (7.0.4) lib/active_support/tagged_logging.rb:99:in `tagged'
railties (7.0.4) lib/rails/rack/logger.rb:25:in `call'
sprockets-rails (3.4.2) lib/sprockets/rails/quiet_assets.rb:13:in `call'
actionpack (7.0.4) lib/action_dispatch/middleware/remote_ip.rb:93:in `call'
actionpack (7.0.4) lib/action_dispatch/middleware/request_id.rb:26:in `call'
rack (2.2.5) lib/rack/method_override.rb:24:in `call'
rack (2.2.5) lib/rack/runtime.rb:22:in `call'
activesupport (7.0.4) lib/active_support/cache/strategy/local_cache_middleware.rb:29:in `call'
actionpack (7.0.4) lib/action_dispatch/middleware/server_timing.rb:61:in `block in call'
actionpack (7.0.4) lib/action_dispatch/middleware/server_timing.rb:26:in `collect_events'
actionpack (7.0.4) lib/action_dispatch/middleware/server_timing.rb:60:in `call'
actionpack (7.0.4) lib/action_dispatch/middleware/executor.rb:14:in `call'
actionpack (7.0.4) lib/action_dispatch/middleware/static.rb:23:in `call'
rack (2.2.5) lib/rack/sendfile.rb:110:in `call'
actionpack (7.0.4) lib/action_dispatch/middleware/host_authorization.rb:137:in `call'
railties (7.0.4) lib/rails/engine.rb:530:in `call'
puma (5.6.5) lib/puma/configuration.rb:252:in `call'
puma (5.6.5) lib/puma/request.rb:77:in `block in handle_request'
puma (5.6.5) lib/puma/thread_pool.rb:340:in `with_force_shutdown'
puma (5.6.5) lib/puma/request.rb:76:in `handle_request'
puma (5.6.5) lib/puma/server.rb:443:in `process_client'
puma (5.6.5) lib/puma/thread_pool.rb:147:in `block in spawn_thread'
  
AbstractController::ActionNotFound (The action 'home' could not be found for PagesController):
  
actionpack (7.0.4) lib/abstract_controller/base.rb:146:in `process'
actionview (7.0.4) lib/action_view/rendering.rb:39:in `process'
actionpack (7.0.4) lib/action_controller/metal.rb:188:in `dispatch'
actionpack (7.0.4) lib/action_controller/metal.rb:251:in `dispatch'
actionpack (7.0.4) lib/action_dispatch/routing/route_set.rb:49:in `dispatch'
actionpack (7.0.4) lib/action_dispatch/routing/route_set.rb:32:in `serve'
actionpack (7.0.4) lib/action_dispatch/journey/router.rb:50:in `block in serve'
actionpack (7.0.4) lib/action_dispatch/journey/router.rb:32:in `each'
actionpack (7.0.4) lib/action_dispatch/journey/router.rb:32:in `serve'
actionpack (7.0.4) lib/action_dispatch/routing/route_set.rb:852:in `call'
rack (2.2.5) lib/rack/tempfile_reaper.rb:15:in `call'
rack (2.2.5) lib/rack/etag.rb:27:in `call'
rack (2.2.5) lib/rack/conditional_get.rb:27:in `call'
rack (2.2.5) lib/rack/head.rb:12:in `call'
actionpack (7.0.4) lib/action_dispatch/http/permissions_policy.rb:38:in `call'
actionpack (7.0.4) lib/action_dispatch/http/content_security_policy.rb:36:in `call'
rack (2.2.5) lib/rack/session/abstract/id.rb:266:in `context'
rack (2.2.5) lib/rack/session/abstract/id.rb:260:in `call'
actionpack (7.0.4) lib/action_dispatch/middleware/cookies.rb:696:in `call'
activerecord (7.0.4) lib/active_record/migration.rb:603:in `call'
actionpack (7.0.4) lib/action_dispatch/middleware/callbacks.rb:27:in `block in call'
activesupport (7.0.4) lib/active_support/callbacks.rb:99:in `run_callbacks'
actionpack (7.0.4) lib/action_dispatch/middleware/callbacks.rb:26:in `call'
actionpack (7.0.4) lib/action_dispatch/middleware/executor.rb:14:in `call'
actionpack (7.0.4) lib/action_dispatch/middleware/actionable_exceptions.rb:17:in `call'
actionpack (7.0.4) lib/action_dispatch/middleware/debug_exceptions.rb:28:in `call'
web-console (4.2.0) lib/web_console/middleware.rb:132:in `call_app'
web-console (4.2.0) lib/web_console/middleware.rb:28:in `block in call'
web-console (4.2.0) lib/web_console/middleware.rb:17:in `catch'
web-console (4.2.0) lib/web_console/middleware.rb:17:in `call'
actionpack (7.0.4) lib/action_dispatch/middleware/show_exceptions.rb:26:in `call'
railties (7.0.4) lib/rails/rack/logger.rb:40:in `call_app'
railties (7.0.4) lib/rails/rack/logger.rb:25:in `block in call'
activesupport (7.0.4) lib/active_support/tagged_logging.rb:99:in `block in tagged'
activesupport (7.0.4) lib/active_support/tagged_logging.rb:37:in `tagged'
activesupport (7.0.4) lib/active_support/tagged_logging.rb:99:in `tagged'
railties (7.0.4) lib/rails/rack/logger.rb:25:in `call'
sprockets-rails (3.4.2) lib/sprockets/rails/quiet_assets.rb:13:in `call'
actionpack (7.0.4) lib/action_dispatch/middleware/remote_ip.rb:93:in `call'
actionpack (7.0.4) lib/action_dispatch/middleware/request_id.rb:26:in `call'
rack (2.2.5) lib/rack/method_override.rb:24:in `call'
rack (2.2.5) lib/rack/runtime.rb:22:in `call'
activesupport (7.0.4) lib/active_support/cache/strategy/local_cache_middleware.rb:29:in `call'
actionpack (7.0.4) lib/action_dispatch/middleware/server_timing.rb:61:in `block in call'
actionpack (7.0.4) lib/action_dispatch/middleware/server_timing.rb:26:in `collect_events'
actionpack (7.0.4) lib/action_dispatch/middleware/server_timing.rb:60:in `call'
actionpack (7.0.4) lib/action_dispatch/middleware/executor.rb:14:in `call'
actionpack (7.0.4) lib/action_dispatch/middleware/static.rb:23:in `call'
rack (2.2.5) lib/rack/sendfile.rb:110:in `call'
actionpack (7.0.4) lib/action_dispatch/middleware/host_authorization.rb:137:in `call'
railties (7.0.4) lib/rails/engine.rb:530:in `call'
puma (5.6.5) lib/puma/configuration.rb:252:in `call'
puma (5.6.5) lib/puma/request.rb:77:in `block in handle_request'
puma (5.6.5) lib/puma/thread_pool.rb:340:in `with_force_shutdown'
puma (5.6.5) lib/puma/request.rb:76:in `handle_request'
puma (5.6.5) lib/puma/server.rb:443:in `process_client'
puma (5.6.5) lib/puma/thread_pool.rb:147:in `block in spawn_thread'

NameError: constant WebConsole::SourceLocation not defined
	from C:/Ruby32-x64/lib/ruby/gems/3.2.0/gems/web-console-4.2.0/lib/web_console/exception_mapper.rb:51:in `block in guess_the_first_application_binding'
	from C:/Ruby32-x64/lib/ruby/gems/3.2.0/gems/web-console-4.2.0/lib/web_console/exception_mapper.rb:50:in `each'
	from C:/Ruby32-x64/lib/ruby/gems/3.2.0/gems/web-console-4.2.0/lib/web_console/exception_mapper.rb:50:in `find'
	from C:/Ruby32-x64/lib/ruby/gems/3.2.0/gems/web-console-4.2.0/lib/web_console/exception_mapper.rb:50:in `guess_the_first_application_binding'
	from C:/Ruby32-x64/lib/ruby/gems/3.2.0/gems/web-console-4.2.0/lib/web_console/exception_mapper.rb:30:in `first'
	from C:/Ruby32-x64/lib/ruby/gems/3.2.0/gems/web-console-4.2.0/lib/web_console/session.rb:48:in `initialize'
	from C:/Ruby32-x64/lib/ruby/gems/3.2.0/gems/web-console-4.2.0/lib/web_console/session.rb:34:in `new'
	from C:/Ruby32-x64/lib/ruby/gems/3.2.0/gems/web-console-4.2.0/lib/web_console/session.rb:34:in `from'
	from C:/Ruby32-x64/lib/ruby/gems/3.2.0/gems/web-console-4.2.0/lib/web_console/middleware.rb:30:in `block in call'
	from C:/Ruby32-x64/lib/ruby/gems/3.2.0/gems/web-console-4.2.0/lib/web_console/middleware.rb:17:in `catch'
	from C:/Ruby32-x64/lib/ruby/gems/3.2.0/gems/web-console-4.2.0/lib/web_console/middleware.rb:17:in `call'
	from C:/Ruby32-x64/lib/ruby/gems/3.2.0/gems/actionpack-7.0.4/lib/action_dispatch/middleware/show_exceptions.rb:26:in `call'
	from C:/Ruby32-x64/lib/ruby/gems/3.2.0/gems/railties-7.0.4/lib/rails/rack/logger.rb:40:in `call_app'
	from C:/Ruby32-x64/lib/ruby/gems/3.2.0/gems/railties-7.0.4/lib/rails/rack/logger.rb:25:in `block in call'
	from C:/Ruby32-x64/lib/ruby/gems/3.2.0/gems/activesupport-7.0.4/lib/active_support/tagged_logging.rb:99:in `block in tagged'
	from C:/Ruby32-x64/lib/ruby/gems/3.2.0/gems/activesupport-7.0.4/lib/active_support/tagged_logging.rb:37:in `tagged'
	from C:/Ruby32-x64/lib/ruby/gems/3.2.0/gems/activesupport-7.0.4/lib/active_support/tagged_logging.rb:99:in `tagged'
	from C:/Ruby32-x64/lib/ruby/gems/3.2.0/gems/railties-7.0.4/lib/rails/rack/logger.rb:25:in `call'
	from C:/Ruby32-x64/lib/ruby/gems/3.2.0/gems/sprockets-rails-3.4.2/lib/sprockets/rails/quiet_assets.rb:13:in `call'
	from C:/Ruby32-x64/lib/ruby/gems/3.2.0/gems/actionpack-7.0.4/lib/action_dispatch/middleware/remote_ip.rb:93:in `call'
	from C:/Ruby32-x64/lib/ruby/gems/3.2.0/gems/actionpack-7.0.4/lib/action_dispatch/middleware/request_id.rb:26:in `call'
	from C:/Ruby32-x64/lib/ruby/gems/3.2.0/gems/rack-2.2.5/lib/rack/method_override.rb:24:in `call'
	from C:/Ruby32-x64/lib/ruby/gems/3.2.0/gems/rack-2.2.5/lib/rack/runtime.rb:22:in `call'
	from C:/Ruby32-x64/lib/ruby/gems/3.2.0/gems/activesupport-7.0.4/lib/active_support/cache/strategy/local_cache_middleware.rb:29:in `call'
	from C:/Ruby32-x64/lib/ruby/gems/3.2.0/gems/actionpack-7.0.4/lib/action_dispatch/middleware/server_timing.rb:61:in `block in call'
	from C:/Ruby32-x64/lib/ruby/gems/3.2.0/gems/actionpack-7.0.4/lib/action_dispatch/middleware/server_timing.rb:26:in `collect_events'
	from C:/Ruby32-x64/lib/ruby/gems/3.2.0/gems/actionpack-7.0.4/lib/action_dispatch/middleware/server_timing.rb:60:in `call'
	from C:/Ruby32-x64/lib/ruby/gems/3.2.0/gems/actionpack-7.0.4/lib/action_dispatch/middleware/executor.rb:14:in `call'
	from C:/Ruby32-x64/lib/ruby/gems/3.2.0/gems/actionpack-7.0.4/lib/action_dispatch/middleware/static.rb:23:in `call'
	from C:/Ruby32-x64/lib/ruby/gems/3.2.0/gems/rack-2.2.5/lib/rack/sendfile.rb:110:in `call'
	from C:/Ruby32-x64/lib/ruby/gems/3.2.0/gems/actionpack-7.0.4/lib/action_dispatch/middleware/host_authorization.rb:137:in `call'
	from C:/Ruby32-x64/lib/ruby/gems/3.2.0/gems/railties-7.0.4/lib/rails/engine.rb:530:in `call'
	from C:/Ruby32-x64/lib/ruby/gems/3.2.0/gems/puma-5.6.5/lib/puma/configuration.rb:252:in `call'
	from C:/Ruby32-x64/lib/ruby/gems/3.2.0/gems/puma-5.6.5/lib/puma/request.rb:77:in `block in handle_request'
	from C:/Ruby32-x64/lib/ruby/gems/3.2.0/gems/puma-5.6.5/lib/puma/thread_pool.rb:340:in `with_force_shutdown'
	from C:/Ruby32-x64/lib/ruby/gems/3.2.0/gems/puma-5.6.5/lib/puma/request.rb:76:in `handle_request'
	from C:/Ruby32-x64/lib/ruby/gems/3.2.0/gems/puma-5.6.5/lib/puma/server.rb:443:in `process_client'
	from C:/Ruby32-x64/lib/ruby/gems/3.2.0/gems/puma-5.6.5/lib/puma/thread_pool.rb:147:in `block in spawn_thread'

NameError: constant WebConsole::SourceLocation not defined
	from C:/Ruby32-x64/lib/ruby/gems/3.2.0/gems/web-console-4.2.0/lib/web_console/exception_mapper.rb:51:in `block in guess_the_first_application_binding'
	from C:/Ruby32-x64/lib/ruby/gems/3.2.0/gems/web-console-4.2.0/lib/web_console/exception_mapper.rb:50:in `each'
	from C:/Ruby32-x64/lib/ruby/gems/3.2.0/gems/web-console-4.2.0/lib/web_console/exception_mapper.rb:50:in `find'
	from C:/Ruby32-x64/lib/ruby/gems/3.2.0/gems/web-console-4.2.0/lib/web_console/exception_mapper.rb:50:in `guess_the_first_application_binding'
	from C:/Ruby32-x64/lib/ruby/gems/3.2.0/gems/web-console-4.2.0/lib/web_console/exception_mapper.rb:30:in `first'
	from C:/Ruby32-x64/lib/ruby/gems/3.2.0/gems/web-console-4.2.0/lib/web_console/session.rb:48:in `initialize'
	from C:/Ruby32-x64/lib/ruby/gems/3.2.0/gems/web-console-4.2.0/lib/web_console/session.rb:34:in `new'
	from C:/Ruby32-x64/lib/ruby/gems/3.2.0/gems/web-console-4.2.0/lib/web_console/session.rb:34:in `from'
	from C:/Ruby32-x64/lib/ruby/gems/3.2.0/gems/web-console-4.2.0/lib/web_console/middleware.rb:30:in `block in call'
	from C:/Ruby32-x64/lib/ruby/gems/3.2.0/gems/web-console-4.2.0/lib/web_console/middleware.rb:17:in `catch'
	from C:/Ruby32-x64/lib/ruby/gems/3.2.0/gems/web-console-4.2.0/lib/web_console/middleware.rb:17:in `call'
	from C:/Ruby32-x64/lib/ruby/gems/3.2.0/gems/actionpack-7.0.4/lib/action_dispatch/middleware/show_exceptions.rb:26:in `call'
	from C:/Ruby32-x64/lib/ruby/gems/3.2.0/gems/railties-7.0.4/lib/rails/rack/logger.rb:40:in `call_app'
	from C:/Ruby32-x64/lib/ruby/gems/3.2.0/gems/railties-7.0.4/lib/rails/rack/logger.rb:25:in `block in call'
	from C:/Ruby32-x64/lib/ruby/gems/3.2.0/gems/activesupport-7.0.4/lib/active_support/tagged_logging.rb:99:in `block in tagged'
	from C:/Ruby32-x64/lib/ruby/gems/3.2.0/gems/activesupport-7.0.4/lib/active_support/tagged_logging.rb:37:in `tagged'
	from C:/Ruby32-x64/lib/ruby/gems/3.2.0/gems/activesupport-7.0.4/lib/active_support/tagged_logging.rb:99:in `tagged'
	from C:/Ruby32-x64/lib/ruby/gems/3.2.0/gems/railties-7.0.4/lib/rails/rack/logger.rb:25:in `call'
	from C:/Ruby32-x64/lib/ruby/gems/3.2.0/gems/sprockets-rails-3.4.2/lib/sprockets/rails/quiet_assets.rb:13:in `call'
	from C:/Ruby32-x64/lib/ruby/gems/3.2.0/gems/actionpack-7.0.4/lib/action_dispatch/middleware/remote_ip.rb:93:in `call'
	from C:/Ruby32-x64/lib/ruby/gems/3.2.0/gems/actionpack-7.0.4/lib/action_dispatch/middleware/request_id.rb:26:in `call'
	from C:/Ruby32-x64/lib/ruby/gems/3.2.0/gems/rack-2.2.5/lib/rack/method_override.rb:24:in `call'
	from C:/Ruby32-x64/lib/ruby/gems/3.2.0/gems/rack-2.2.5/lib/rack/runtime.rb:22:in `call'
	from C:/Ruby32-x64/lib/ruby/gems/3.2.0/gems/activesupport-7.0.4/lib/active_support/cache/strategy/local_cache_middleware.rb:29:in `call'
	from C:/Ruby32-x64/lib/ruby/gems/3.2.0/gems/actionpack-7.0.4/lib/action_dispatch/middleware/server_timing.rb:61:in `block in call'
	from C:/Ruby32-x64/lib/ruby/gems/3.2.0/gems/actionpack-7.0.4/lib/action_dispatch/middleware/server_timing.rb:26:in `collect_events'
	from C:/Ruby32-x64/lib/ruby/gems/3.2.0/gems/actionpack-7.0.4/lib/action_dispatch/middleware/server_timing.rb:60:in `call'
	from C:/Ruby32-x64/lib/ruby/gems/3.2.0/gems/actionpack-7.0.4/lib/action_dispatch/middleware/executor.rb:14:in `call'
	from C:/Ruby32-x64/lib/ruby/gems/3.2.0/gems/actionpack-7.0.4/lib/action_dispatch/middleware/static.rb:23:in `call'
	from C:/Ruby32-x64/lib/ruby/gems/3.2.0/gems/rack-2.2.5/lib/rack/sendfile.rb:110:in `call'
	from C:/Ruby32-x64/lib/ruby/gems/3.2.0/gems/actionpack-7.0.4/lib/action_dispatch/middleware/host_authorization.rb:137:in `call'
	from C:/Ruby32-x64/lib/ruby/gems/3.2.0/gems/railties-7.0.4/lib/rails/engine.rb:530:in `call'
	from C:/Ruby32-x64/lib/ruby/gems/3.2.0/gems/puma-5.6.5/lib/puma/configuration.rb:252:in `call'
	from C:/Ruby32-x64/lib/ruby/gems/3.2.0/gems/puma-5.6.5/lib/puma/request.rb:77:in `block in handle_request'
	from C:/Ruby32-x64/lib/ruby/gems/3.2.0/gems/puma-5.6.5/lib/puma/thread_pool.rb:340:in `with_force_shutdown'
	from C:/Ruby32-x64/lib/ruby/gems/3.2.0/gems/puma-5.6.5/lib/puma/request.rb:76:in `handle_request'
	from C:/Ruby32-x64/lib/ruby/gems/3.2.0/gems/puma-5.6.5/lib/puma/server.rb:443:in `process_client'
	from C:/Ruby32-x64/lib/ruby/gems/3.2.0/gems/puma-5.6.5/lib/puma/thread_pool.rb:147:in `block in spawn_thread'
Started GET "/" for 127.0.0.1 at 2023-01-09 14:21:54 +0530
  
AbstractController::ActionNotFound (The action 'home' could not be found for PagesController):
  
actionpack (7.0.4) lib/abstract_controller/base.rb:146:in `process'
actionview (7.0.4) lib/action_view/rendering.rb:39:in `process'
actionpack (7.0.4) lib/action_controller/metal.rb:188:in `dispatch'
actionpack (7.0.4) lib/action_controller/metal.rb:251:in `dispatch'
actionpack (7.0.4) lib/action_dispatch/routing/route_set.rb:49:in `dispatch'
actionpack (7.0.4) lib/action_dispatch/routing/route_set.rb:32:in `serve'
actionpack (7.0.4) lib/action_dispatch/journey/router.rb:50:in `block in serve'
actionpack (7.0.4) lib/action_dispatch/journey/router.rb:32:in `each'
actionpack (7.0.4) lib/action_dispatch/journey/router.rb:32:in `serve'
actionpack (7.0.4) lib/action_dispatch/routing/route_set.rb:852:in `call'
rack (2.2.5) lib/rack/tempfile_reaper.rb:15:in `call'
rack (2.2.5) lib/rack/etag.rb:27:in `call'
rack (2.2.5) lib/rack/conditional_get.rb:27:in `call'
rack (2.2.5) lib/rack/head.rb:12:in `call'
actionpack (7.0.4) lib/action_dispatch/http/permissions_policy.rb:38:in `call'
actionpack (7.0.4) lib/action_dispatch/http/content_security_policy.rb:36:in `call'
rack (2.2.5) lib/rack/session/abstract/id.rb:266:in `context'
rack (2.2.5) lib/rack/session/abstract/id.rb:260:in `call'
actionpack (7.0.4) lib/action_dispatch/middleware/cookies.rb:696:in `call'
activerecord (7.0.4) lib/active_record/migration.rb:603:in `call'
actionpack (7.0.4) lib/action_dispatch/middleware/callbacks.rb:27:in `block in call'
activesupport (7.0.4) lib/active_support/callbacks.rb:99:in `run_callbacks'
actionpack (7.0.4) lib/action_dispatch/middleware/callbacks.rb:26:in `call'
actionpack (7.0.4) lib/action_dispatch/middleware/executor.rb:14:in `call'
actionpack (7.0.4) lib/action_dispatch/middleware/actionable_exceptions.rb:17:in `call'
actionpack (7.0.4) lib/action_dispatch/middleware/debug_exceptions.rb:28:in `call'
web-console (4.2.0) lib/web_console/middleware.rb:132:in `call_app'
web-console (4.2.0) lib/web_console/middleware.rb:28:in `block in call'
web-console (4.2.0) lib/web_console/middleware.rb:17:in `catch'
web-console (4.2.0) lib/web_console/middleware.rb:17:in `call'
actionpack (7.0.4) lib/action_dispatch/middleware/show_exceptions.rb:26:in `call'
railties (7.0.4) lib/rails/rack/logger.rb:40:in `call_app'
railties (7.0.4) lib/rails/rack/logger.rb:25:in `block in call'
activesupport (7.0.4) lib/active_support/tagged_logging.rb:99:in `block in tagged'
activesupport (7.0.4) lib/active_support/tagged_logging.rb:37:in `tagged'
activesupport (7.0.4) lib/active_support/tagged_logging.rb:99:in `tagged'
railties (7.0.4) lib/rails/rack/logger.rb:25:in `call'
sprockets-rails (3.4.2) lib/sprockets/rails/quiet_assets.rb:13:in `call'
actionpack (7.0.4) lib/action_dispatch/middleware/remote_ip.rb:93:in `call'
actionpack (7.0.4) lib/action_dispatch/middleware/request_id.rb:26:in `call'
rack (2.2.5) lib/rack/method_override.rb:24:in `call'
rack (2.2.5) lib/rack/runtime.rb:22:in `call'
activesupport (7.0.4) lib/active_support/cache/strategy/local_cache_middleware.rb:29:in `call'
actionpack (7.0.4) lib/action_dispatch/middleware/server_timing.rb:61:in `block in call'
actionpack (7.0.4) lib/action_dispatch/middleware/server_timing.rb:26:in `collect_events'
actionpack (7.0.4) lib/action_dispatch/middleware/server_timing.rb:60:in `call'
actionpack (7.0.4) lib/action_dispatch/middleware/executor.rb:14:in `call'
actionpack (7.0.4) lib/action_dispatch/middleware/static.rb:23:in `call'
rack (2.2.5) lib/rack/sendfile.rb:110:in `call'
actionpack (7.0.4) lib/action_dispatch/middleware/host_authorization.rb:137:in `call'
railties (7.0.4) lib/rails/engine.rb:530:in `call'
puma (5.6.5) lib/puma/configuration.rb:252:in `call'
puma (5.6.5) lib/puma/request.rb:77:in `block in handle_request'
puma (5.6.5) lib/puma/thread_pool.rb:340:in `with_force_shutdown'
puma (5.6.5) lib/puma/request.rb:76:in `handle_request'
puma (5.6.5) lib/puma/server.rb:443:in `process_client'
puma (5.6.5) lib/puma/thread_pool.rb:147:in `block in spawn_thread'
Started GET "/" for 127.0.0.1 at 2023-01-09 14:22:31 +0530
  
AbstractController::ActionNotFound (The action 'home' could not be found for PagesController):
  
actionpack (7.0.4) lib/abstract_controller/base.rb:146:in `process'
actionview (7.0.4) lib/action_view/rendering.rb:39:in `process'
actionpack (7.0.4) lib/action_controller/metal.rb:188:in `dispatch'
actionpack (7.0.4) lib/action_controller/metal.rb:251:in `dispatch'
actionpack (7.0.4) lib/action_dispatch/routing/route_set.rb:49:in `dispatch'
actionpack (7.0.4) lib/action_dispatch/routing/route_set.rb:32:in `serve'
actionpack (7.0.4) lib/action_dispatch/journey/router.rb:50:in `block in serve'
actionpack (7.0.4) lib/action_dispatch/journey/router.rb:32:in `each'
actionpack (7.0.4) lib/action_dispatch/journey/router.rb:32:in `serve'
actionpack (7.0.4) lib/action_dispatch/routing/route_set.rb:852:in `call'
rack (2.2.5) lib/rack/tempfile_reaper.rb:15:in `call'
rack (2.2.5) lib/rack/etag.rb:27:in `call'
rack (2.2.5) lib/rack/conditional_get.rb:27:in `call'
rack (2.2.5) lib/rack/head.rb:12:in `call'
actionpack (7.0.4) lib/action_dispatch/http/permissions_policy.rb:38:in `call'
actionpack (7.0.4) lib/action_dispatch/http/content_security_policy.rb:36:in `call'
rack (2.2.5) lib/rack/session/abstract/id.rb:266:in `context'
rack (2.2.5) lib/rack/session/abstract/id.rb:260:in `call'
actionpack (7.0.4) lib/action_dispatch/middleware/cookies.rb:696:in `call'
activerecord (7.0.4) lib/active_record/migration.rb:603:in `call'
actionpack (7.0.4) lib/action_dispatch/middleware/callbacks.rb:27:in `block in call'
activesupport (7.0.4) lib/active_support/callbacks.rb:99:in `run_callbacks'
actionpack (7.0.4) lib/action_dispatch/middleware/callbacks.rb:26:in `call'
actionpack (7.0.4) lib/action_dispatch/middleware/executor.rb:14:in `call'
actionpack (7.0.4) lib/action_dispatch/middleware/actionable_exceptions.rb:17:in `call'
actionpack (7.0.4) lib/action_dispatch/middleware/debug_exceptions.rb:28:in `call'
web-console (4.2.0) lib/web_console/middleware.rb:132:in `call_app'
web-console (4.2.0) lib/web_console/middleware.rb:28:in `block in call'
web-console (4.2.0) lib/web_console/middleware.rb:17:in `catch'
web-console (4.2.0) lib/web_console/middleware.rb:17:in `call'
actionpack (7.0.4) lib/action_dispatch/middleware/show_exceptions.rb:26:in `call'
railties (7.0.4) lib/rails/rack/logger.rb:40:in `call_app'
railties (7.0.4) lib/rails/rack/logger.rb:25:in `block in call'
activesupport (7.0.4) lib/active_support/tagged_logging.rb:99:in `block in tagged'
activesupport (7.0.4) lib/active_support/tagged_logging.rb:37:in `tagged'
activesupport (7.0.4) lib/active_support/tagged_logging.rb:99:in `tagged'
railties (7.0.4) lib/rails/rack/logger.rb:25:in `call'
sprockets-rails (3.4.2) lib/sprockets/rails/quiet_assets.rb:13:in `call'
actionpack (7.0.4) lib/action_dispatch/middleware/remote_ip.rb:93:in `call'
actionpack (7.0.4) lib/action_dispatch/middleware/request_id.rb:26:in `call'
rack (2.2.5) lib/rack/method_override.rb:24:in `call'
rack (2.2.5) lib/rack/runtime.rb:22:in `call'
activesupport (7.0.4) lib/active_support/cache/strategy/local_cache_middleware.rb:29:in `call'
actionpack (7.0.4) lib/action_dispatch/middleware/server_timing.rb:61:in `block in call'
actionpack (7.0.4) lib/action_dispatch/middleware/server_timing.rb:26:in `collect_events'
actionpack (7.0.4) lib/action_dispatch/middleware/server_timing.rb:60:in `call'
actionpack (7.0.4) lib/action_dispatch/middleware/executor.rb:14:in `call'
actionpack (7.0.4) lib/action_dispatch/middleware/static.rb:23:in `call'
rack (2.2.5) lib/rack/sendfile.rb:110:in `call'
actionpack (7.0.4) lib/action_dispatch/middleware/host_authorization.rb:137:in `call'
railties (7.0.4) lib/rails/engine.rb:530:in `call'
puma (5.6.5) lib/puma/configuration.rb:252:in `call'
puma (5.6.5) lib/puma/request.rb:77:in `block in handle_request'
puma (5.6.5) lib/puma/thread_pool.rb:340:in `with_force_shutdown'
puma (5.6.5) lib/puma/request.rb:76:in `handle_request'
puma (5.6.5) lib/puma/server.rb:443:in `process_client'
puma (5.6.5) lib/puma/thread_pool.rb:147:in `block in spawn_thread'
Started GET "/" for 127.0.0.1 at 2023-01-09 14:22:39 +0530
  
AbstractController::ActionNotFound (The action 'home' could not be found for PagesController):
  
actionpack (7.0.4) lib/abstract_controller/base.rb:146:in `process'
actionview (7.0.4) lib/action_view/rendering.rb:39:in `process'
actionpack (7.0.4) lib/action_controller/metal.rb:188:in `dispatch'
actionpack (7.0.4) lib/action_controller/metal.rb:251:in `dispatch'
actionpack (7.0.4) lib/action_dispatch/routing/route_set.rb:49:in `dispatch'
actionpack (7.0.4) lib/action_dispatch/routing/route_set.rb:32:in `serve'
actionpack (7.0.4) lib/action_dispatch/journey/router.rb:50:in `block in serve'
actionpack (7.0.4) lib/action_dispatch/journey/router.rb:32:in `each'
actionpack (7.0.4) lib/action_dispatch/journey/router.rb:32:in `serve'
actionpack (7.0.4) lib/action_dispatch/routing/route_set.rb:852:in `call'
rack (2.2.5) lib/rack/tempfile_reaper.rb:15:in `call'
rack (2.2.5) lib/rack/etag.rb:27:in `call'
rack (2.2.5) lib/rack/conditional_get.rb:27:in `call'
rack (2.2.5) lib/rack/head.rb:12:in `call'
actionpack (7.0.4) lib/action_dispatch/http/permissions_policy.rb:38:in `call'
actionpack (7.0.4) lib/action_dispatch/http/content_security_policy.rb:36:in `call'
rack (2.2.5) lib/rack/session/abstract/id.rb:266:in `context'
rack (2.2.5) lib/rack/session/abstract/id.rb:260:in `call'
actionpack (7.0.4) lib/action_dispatch/middleware/cookies.rb:696:in `call'
activerecord (7.0.4) lib/active_record/migration.rb:603:in `call'
actionpack (7.0.4) lib/action_dispatch/middleware/callbacks.rb:27:in `block in call'
activesupport (7.0.4) lib/active_support/callbacks.rb:99:in `run_callbacks'
actionpack (7.0.4) lib/action_dispatch/middleware/callbacks.rb:26:in `call'
actionpack (7.0.4) lib/action_dispatch/middleware/executor.rb:14:in `call'
actionpack (7.0.4) lib/action_dispatch/middleware/actionable_exceptions.rb:17:in `call'
actionpack (7.0.4) lib/action_dispatch/middleware/debug_exceptions.rb:28:in `call'
web-console (4.2.0) lib/web_console/middleware.rb:132:in `call_app'
web-console (4.2.0) lib/web_console/middleware.rb:28:in `block in call'
web-console (4.2.0) lib/web_console/middleware.rb:17:in `catch'
web-console (4.2.0) lib/web_console/middleware.rb:17:in `call'
actionpack (7.0.4) lib/action_dispatch/middleware/show_exceptions.rb:26:in `call'
railties (7.0.4) lib/rails/rack/logger.rb:40:in `call_app'
railties (7.0.4) lib/rails/rack/logger.rb:25:in `block in call'
activesupport (7.0.4) lib/active_support/tagged_logging.rb:99:in `block in tagged'
activesupport (7.0.4) lib/active_support/tagged_logging.rb:37:in `tagged'
activesupport (7.0.4) lib/active_support/tagged_logging.rb:99:in `tagged'
railties (7.0.4) lib/rails/rack/logger.rb:25:in `call'
sprockets-rails (3.4.2) lib/sprockets/rails/quiet_assets.rb:13:in `call'
actionpack (7.0.4) lib/action_dispatch/middleware/remote_ip.rb:93:in `call'
actionpack (7.0.4) lib/action_dispatch/middleware/request_id.rb:26:in `call'
rack (2.2.5) lib/rack/method_override.rb:24:in `call'
rack (2.2.5) lib/rack/runtime.rb:22:in `call'
activesupport (7.0.4) lib/active_support/cache/strategy/local_cache_middleware.rb:29:in `call'
actionpack (7.0.4) lib/action_dispatch/middleware/server_timing.rb:61:in `block in call'
actionpack (7.0.4) lib/action_dispatch/middleware/server_timing.rb:26:in `collect_events'
actionpack (7.0.4) lib/action_dispatch/middleware/server_timing.rb:60:in `call'
actionpack (7.0.4) lib/action_dispatch/middleware/executor.rb:14:in `call'
actionpack (7.0.4) lib/action_dispatch/middleware/static.rb:23:in `call'
rack (2.2.5) lib/rack/sendfile.rb:110:in `call'
actionpack (7.0.4) lib/action_dispatch/middleware/host_authorization.rb:137:in `call'
railties (7.0.4) lib/rails/engine.rb:530:in `call'
puma (5.6.5) lib/puma/configuration.rb:252:in `call'
puma (5.6.5) lib/puma/request.rb:77:in `block in handle_request'
puma (5.6.5) lib/puma/thread_pool.rb:340:in `with_force_shutdown'
puma (5.6.5) lib/puma/request.rb:76:in `handle_request'
puma (5.6.5) lib/puma/server.rb:443:in `process_client'
puma (5.6.5) lib/puma/thread_pool.rb:147:in `block in spawn_thread'
Started GET "/" for 127.0.0.1 at 2023-01-09 14:22:40 +0530
  
AbstractController::ActionNotFound (The action 'home' could not be found for PagesController):
  
actionpack (7.0.4) lib/abstract_controller/base.rb:146:in `process'
actionview (7.0.4) lib/action_view/rendering.rb:39:in `process'
actionpack (7.0.4) lib/action_controller/metal.rb:188:in `dispatch'
actionpack (7.0.4) lib/action_controller/metal.rb:251:in `dispatch'
actionpack (7.0.4) lib/action_dispatch/routing/route_set.rb:49:in `dispatch'
actionpack (7.0.4) lib/action_dispatch/routing/route_set.rb:32:in `serve'
actionpack (7.0.4) lib/action_dispatch/journey/router.rb:50:in `block in serve'
actionpack (7.0.4) lib/action_dispatch/journey/router.rb:32:in `each'
actionpack (7.0.4) lib/action_dispatch/journey/router.rb:32:in `serve'
actionpack (7.0.4) lib/action_dispatch/routing/route_set.rb:852:in `call'
rack (2.2.5) lib/rack/tempfile_reaper.rb:15:in `call'
rack (2.2.5) lib/rack/etag.rb:27:in `call'
rack (2.2.5) lib/rack/conditional_get.rb:27:in `call'
rack (2.2.5) lib/rack/head.rb:12:in `call'
actionpack (7.0.4) lib/action_dispatch/http/permissions_policy.rb:38:in `call'
actionpack (7.0.4) lib/action_dispatch/http/content_security_policy.rb:36:in `call'
rack (2.2.5) lib/rack/session/abstract/id.rb:266:in `context'
rack (2.2.5) lib/rack/session/abstract/id.rb:260:in `call'
actionpack (7.0.4) lib/action_dispatch/middleware/cookies.rb:696:in `call'
activerecord (7.0.4) lib/active_record/migration.rb:603:in `call'
actionpack (7.0.4) lib/action_dispatch/middleware/callbacks.rb:27:in `block in call'
activesupport (7.0.4) lib/active_support/callbacks.rb:99:in `run_callbacks'
actionpack (7.0.4) lib/action_dispatch/middleware/callbacks.rb:26:in `call'
actionpack (7.0.4) lib/action_dispatch/middleware/executor.rb:14:in `call'
actionpack (7.0.4) lib/action_dispatch/middleware/actionable_exceptions.rb:17:in `call'
actionpack (7.0.4) lib/action_dispatch/middleware/debug_exceptions.rb:28:in `call'
web-console (4.2.0) lib/web_console/middleware.rb:132:in `call_app'
web-console (4.2.0) lib/web_console/middleware.rb:28:in `block in call'
web-console (4.2.0) lib/web_console/middleware.rb:17:in `catch'
web-console (4.2.0) lib/web_console/middleware.rb:17:in `call'
actionpack (7.0.4) lib/action_dispatch/middleware/show_exceptions.rb:26:in `call'
railties (7.0.4) lib/rails/rack/logger.rb:40:in `call_app'
railties (7.0.4) lib/rails/rack/logger.rb:25:in `block in call'
activesupport (7.0.4) lib/active_support/tagged_logging.rb:99:in `block in tagged'
activesupport (7.0.4) lib/active_support/tagged_logging.rb:37:in `tagged'
activesupport (7.0.4) lib/active_support/tagged_logging.rb:99:in `tagged'
railties (7.0.4) lib/rails/rack/logger.rb:25:in `call'
sprockets-rails (3.4.2) lib/sprockets/rails/quiet_assets.rb:13:in `call'
actionpack (7.0.4) lib/action_dispatch/middleware/remote_ip.rb:93:in `call'
actionpack (7.0.4) lib/action_dispatch/middleware/request_id.rb:26:in `call'
rack (2.2.5) lib/rack/method_override.rb:24:in `call'
rack (2.2.5) lib/rack/runtime.rb:22:in `call'
activesupport (7.0.4) lib/active_support/cache/strategy/local_cache_middleware.rb:29:in `call'
actionpack (7.0.4) lib/action_dispatch/middleware/server_timing.rb:61:in `block in call'
actionpack (7.0.4) lib/action_dispatch/middleware/server_timing.rb:26:in `collect_events'
actionpack (7.0.4) lib/action_dispatch/middleware/server_timing.rb:60:in `call'
actionpack (7.0.4) lib/action_dispatch/middleware/executor.rb:14:in `call'
actionpack (7.0.4) lib/action_dispatch/middleware/static.rb:23:in `call'
rack (2.2.5) lib/rack/sendfile.rb:110:in `call'
actionpack (7.0.4) lib/action_dispatch/middleware/host_authorization.rb:137:in `call'
railties (7.0.4) lib/rails/engine.rb:530:in `call'
puma (5.6.5) lib/puma/configuration.rb:252:in `call'
puma (5.6.5) lib/puma/request.rb:77:in `block in handle_request'
puma (5.6.5) lib/puma/thread_pool.rb:340:in `with_force_shutdown'
puma (5.6.5) lib/puma/request.rb:76:in `handle_request'
puma (5.6.5) lib/puma/server.rb:443:in `process_client'
puma (5.6.5) lib/puma/thread_pool.rb:147:in `block in spawn_thread'
Started GET "/" for 127.0.0.1 at 2023-01-09 14:27:04 +0530
  
AbstractController::ActionNotFound (The action 'home' could not be found for PagesController):
  
actionpack (7.0.4) lib/abstract_controller/base.rb:146:in `process'
actionview (7.0.4) lib/action_view/rendering.rb:39:in `process'
actionpack (7.0.4) lib/action_controller/metal.rb:188:in `dispatch'
actionpack (7.0.4) lib/action_controller/metal.rb:251:in `dispatch'
actionpack (7.0.4) lib/action_dispatch/routing/route_set.rb:49:in `dispatch'
actionpack (7.0.4) lib/action_dispatch/routing/route_set.rb:32:in `serve'
actionpack (7.0.4) lib/action_dispatch/journey/router.rb:50:in `block in serve'
actionpack (7.0.4) lib/action_dispatch/journey/router.rb:32:in `each'
actionpack (7.0.4) lib/action_dispatch/journey/router.rb:32:in `serve'
actionpack (7.0.4) lib/action_dispatch/routing/route_set.rb:852:in `call'
rack (2.2.5) lib/rack/tempfile_reaper.rb:15:in `call'
rack (2.2.5) lib/rack/etag.rb:27:in `call'
rack (2.2.5) lib/rack/conditional_get.rb:27:in `call'
rack (2.2.5) lib/rack/head.rb:12:in `call'
actionpack (7.0.4) lib/action_dispatch/http/permissions_policy.rb:38:in `call'
actionpack (7.0.4) lib/action_dispatch/http/content_security_policy.rb:36:in `call'
rack (2.2.5) lib/rack/session/abstract/id.rb:266:in `context'
rack (2.2.5) lib/rack/session/abstract/id.rb:260:in `call'
actionpack (7.0.4) lib/action_dispatch/middleware/cookies.rb:696:in `call'
activerecord (7.0.4) lib/active_record/migration.rb:603:in `call'
actionpack (7.0.4) lib/action_dispatch/middleware/callbacks.rb:27:in `block in call'
activesupport (7.0.4) lib/active_support/callbacks.rb:99:in `run_callbacks'
actionpack (7.0.4) lib/action_dispatch/middleware/callbacks.rb:26:in `call'
actionpack (7.0.4) lib/action_dispatch/middleware/executor.rb:14:in `call'
actionpack (7.0.4) lib/action_dispatch/middleware/actionable_exceptions.rb:17:in `call'
actionpack (7.0.4) lib/action_dispatch/middleware/debug_exceptions.rb:28:in `call'
web-console (4.2.0) lib/web_console/middleware.rb:132:in `call_app'
web-console (4.2.0) lib/web_console/middleware.rb:28:in `block in call'
web-console (4.2.0) lib/web_console/middleware.rb:17:in `catch'
web-console (4.2.0) lib/web_console/middleware.rb:17:in `call'
actionpack (7.0.4) lib/action_dispatch/middleware/show_exceptions.rb:26:in `call'
railties (7.0.4) lib/rails/rack/logger.rb:40:in `call_app'
railties (7.0.4) lib/rails/rack/logger.rb:25:in `block in call'
activesupport (7.0.4) lib/active_support/tagged_logging.rb:99:in `block in tagged'
activesupport (7.0.4) lib/active_support/tagged_logging.rb:37:in `tagged'
activesupport (7.0.4) lib/active_support/tagged_logging.rb:99:in `tagged'
railties (7.0.4) lib/rails/rack/logger.rb:25:in `call'
sprockets-rails (3.4.2) lib/sprockets/rails/quiet_assets.rb:13:in `call'
actionpack (7.0.4) lib/action_dispatch/middleware/remote_ip.rb:93:in `call'
actionpack (7.0.4) lib/action_dispatch/middleware/request_id.rb:26:in `call'
rack (2.2.5) lib/rack/method_override.rb:24:in `call'
rack (2.2.5) lib/rack/runtime.rb:22:in `call'
activesupport (7.0.4) lib/active_support/cache/strategy/local_cache_middleware.rb:29:in `call'
actionpack (7.0.4) lib/action_dispatch/middleware/server_timing.rb:61:in `block in call'
actionpack (7.0.4) lib/action_dispatch/middleware/server_timing.rb:26:in `collect_events'
actionpack (7.0.4) lib/action_dispatch/middleware/server_timing.rb:60:in `call'
actionpack (7.0.4) lib/action_dispatch/middleware/executor.rb:14:in `call'
actionpack (7.0.4) lib/action_dispatch/middleware/static.rb:23:in `call'
rack (2.2.5) lib/rack/sendfile.rb:110:in `call'
actionpack (7.0.4) lib/action_dispatch/middleware/host_authorization.rb:137:in `call'
railties (7.0.4) lib/rails/engine.rb:530:in `call'
puma (5.6.5) lib/puma/configuration.rb:252:in `call'
puma (5.6.5) lib/puma/request.rb:77:in `block in handle_request'
puma (5.6.5) lib/puma/thread_pool.rb:340:in `with_force_shutdown'
puma (5.6.5) lib/puma/request.rb:76:in `handle_request'
puma (5.6.5) lib/puma/server.rb:443:in `process_client'
puma (5.6.5) lib/puma/thread_pool.rb:147:in `block in spawn_thread'
Started GET "/" for 127.0.0.1 at 2023-01-09 14:36:02 +0530
Processing by PagesController#home as HTML
  Rendering layout layouts/application.html.erb
  Rendering pages/home.html.erb within layouts/application
  Rendered pages/home.html.erb within layouts/application (Duration: 1.2ms | Allocations: 102)
  Rendered layout layouts/application.html.erb (Duration: 12247.4ms | Allocations: 67129)
Completed 500 Internal Server Error in 12614ms (Allocations: 79662)


  
ActionView::Template::Error (Permission denied @ rb_file_s_rename - (D:/YUBI/rails/easy-blog/tmp/cache/assets/sprockets/v4.0.0/bQ/bQTncYOWRnkC2HpTi23hEpvESly2V8FZ6ukD1U9m3CE.cache.30220.11576.178438, D:/YUBI/rails/easy-blog/tmp/cache/assets/sprockets/v4.0.0/bQ/bQTncYOWRnkC2HpTi23hEpvESly2V8FZ6ukD1U9m3CE.cache)):
  
sprockets (4.2.0) lib/sprockets/path_utils.rb:362:in `rename'
sprockets (4.2.0) lib/sprockets/path_utils.rb:362:in `atomic_write'
sprockets (4.2.0) lib/sprockets/cache/file_store.rb:112:in `set'
sprockets (4.2.0) lib/sprockets/cache.rb:227:in `set'
sprockets (4.2.0) lib/sprockets/cache.rb:143:in `set'
sprockets (4.2.0) lib/sprockets/loader.rb:266:in `store_asset'
sprockets (4.2.0) lib/sprockets/loader.rb:226:in `load_from_unloaded'
sprockets (4.2.0) lib/sprockets/loader.rb:59:in `block in load'
sprockets (4.2.0) lib/sprockets/loader.rb:337:in `fetch_asset_from_dependency_cache'
sprockets (4.2.0) lib/sprockets/loader.rb:43:in `load'
sprockets (4.2.0) lib/sprockets/cached_environment.rb:44:in `block in load'
concurrent-ruby (1.1.10) lib/concurrent-ruby/concurrent/map.rb:203:in `block in fetch_or_store'
concurrent-ruby (1.1.10) lib/concurrent-ruby/concurrent/map.rb:182:in `fetch'
concurrent-ruby (1.1.10) lib/concurrent-ruby/concurrent/map.rb:202:in `fetch_or_store'
sprockets (4.2.0) lib/sprockets/cached_environment.rb:44:in `load'
sprockets (4.2.0) lib/sprockets/base.rb:81:in `find_asset'
sprockets (4.2.0) lib/sprockets/base.rb:88:in `find_all_linked_assets'
sprockets (4.2.0) lib/sprockets/manifest.rb:125:in `each'
sprockets (4.2.0) lib/sprockets/manifest.rb:125:in `to_a'
sprockets (4.2.0) lib/sprockets/manifest.rb:125:in `block (2 levels) in find'
concurrent-ruby (1.1.10) lib/concurrent-ruby/concurrent/executor/safe_task_executor.rb:24:in `block in execute'
concurrent-ruby (1.1.10) lib/concurrent-ruby/concurrent/synchronization/mutex_lockable_object.rb:47:in `block in synchronize'
concurrent-ruby (1.1.10) lib/concurrent-ruby/concurrent/synchronization/mutex_lockable_object.rb:47:in `synchronize'
concurrent-ruby (1.1.10) lib/concurrent-ruby/concurrent/synchronization/mutex_lockable_object.rb:47:in `synchronize'
concurrent-ruby (1.1.10) lib/concurrent-ruby/concurrent/executor/safe_task_executor.rb:22:in `execute'
concurrent-ruby (1.1.10) lib/concurrent-ruby/concurrent/promise.rb:564:in `block in realize'
concurrent-ruby (1.1.10) lib/concurrent-ruby/concurrent/executor/ruby_thread_pool_executor.rb:352:in `run_task'
concurrent-ruby (1.1.10) lib/concurrent-ruby/concurrent/executor/ruby_thread_pool_executor.rb:343:in `block (3 levels) in create_worker'
concurrent-ruby (1.1.10) lib/concurrent-ruby/concurrent/executor/ruby_thread_pool_executor.rb:334:in `loop'
concurrent-ruby (1.1.10) lib/concurrent-ruby/concurrent/executor/ruby_thread_pool_executor.rb:334:in `block (2 levels) in create_worker'
concurrent-ruby (1.1.10) lib/concurrent-ruby/concurrent/executor/ruby_thread_pool_executor.rb:333:in `catch'
concurrent-ruby (1.1.10) lib/concurrent-ruby/concurrent/executor/ruby_thread_pool_executor.rb:333:in `block in create_worker'
Started GET "/" for 127.0.0.1 at 2023-01-09 14:38:25 +0530
Processing by PagesController#home as HTML
  Rendering layout layouts/application.html.erb
  Rendering pages/home.html.erb within layouts/application
  Rendered pages/home.html.erb within layouts/application (Duration: 0.1ms | Allocations: 7)
  Rendered layout layouts/application.html.erb (Duration: 237.8ms | Allocations: 31502)
Completed 200 OK in 247ms (Views: 242.1ms | Allocations: 31827)


Started GET "/about" for 127.0.0.1 at 2023-01-09 14:39:21 +0530
  
ActionController::RoutingError (No route matches [GET] "/about"):
  
Started GET "/about" for 127.0.0.1 at 2023-01-09 14:39:24 +0530
  
ActionController::RoutingError (No route matches [GET] "/about"):
  
Started GET "/about" for 127.0.0.1 at 2023-01-09 14:39:27 +0530
  
ActionController::RoutingError (No route matches [GET] "/about"):
  
Started GET "/about" for 127.0.0.1 at 2023-01-09 14:40:07 +0530
  
ActionController::RoutingError (No route matches [GET] "/about"):
  
Started GET "/" for 127.0.0.1 at 2023-01-09 14:40:12 +0530
Processing by PagesController#home as HTML
  Rendering layout layouts/application.html.erb
  Rendering pages/home.html.erb within layouts/application
  Rendered pages/home.html.erb within layouts/application (Duration: 1.1ms | Allocations: 100)
  Rendered layout layouts/application.html.erb (Duration: 18.9ms | Allocations: 2777)
Completed 200 OK in 33ms (Views: 29.0ms | Allocations: 3342)


Started GET "/" for 127.0.0.1 at 2023-01-09 14:41:56 +0530
Processing by PagesController#home as HTML
  Rendering layout layouts/application.html.erb
  Rendering pages/home.html.erb within layouts/application
  Rendered pages/home.html.erb within layouts/application (Duration: 1.2ms | Allocations: 100)
  Rendered layout layouts/application.html.erb (Duration: 24.5ms | Allocations: 2776)
Completed 200 OK in 71ms (Views: 65.3ms | Allocations: 3377)


Started GET "/aboutus" for 127.0.0.1 at 2023-01-09 14:42:05 +0530
  
AbstractController::ActionNotFound (The action 'about' could not be found for PagesController):
  
actionpack (7.0.4) lib/abstract_controller/base.rb:146:in `process'
actionview (7.0.4) lib/action_view/rendering.rb:39:in `process'
actionpack (7.0.4) lib/action_controller/metal.rb:188:in `dispatch'
actionpack (7.0.4) lib/action_controller/metal.rb:251:in `dispatch'
actionpack (7.0.4) lib/action_dispatch/routing/route_set.rb:49:in `dispatch'
actionpack (7.0.4) lib/action_dispatch/routing/route_set.rb:32:in `serve'
actionpack (7.0.4) lib/action_dispatch/journey/router.rb:50:in `block in serve'
actionpack (7.0.4) lib/action_dispatch/journey/router.rb:32:in `each'
actionpack (7.0.4) lib/action_dispatch/journey/router.rb:32:in `serve'
actionpack (7.0.4) lib/action_dispatch/routing/route_set.rb:852:in `call'
rack (2.2.5) lib/rack/tempfile_reaper.rb:15:in `call'
rack (2.2.5) lib/rack/etag.rb:27:in `call'
rack (2.2.5) lib/rack/conditional_get.rb:27:in `call'
rack (2.2.5) lib/rack/head.rb:12:in `call'
actionpack (7.0.4) lib/action_dispatch/http/permissions_policy.rb:38:in `call'
actionpack (7.0.4) lib/action_dispatch/http/content_security_policy.rb:36:in `call'
rack (2.2.5) lib/rack/session/abstract/id.rb:266:in `context'
rack (2.2.5) lib/rack/session/abstract/id.rb:260:in `call'
actionpack (7.0.4) lib/action_dispatch/middleware/cookies.rb:696:in `call'
activerecord (7.0.4) lib/active_record/migration.rb:603:in `call'
actionpack (7.0.4) lib/action_dispatch/middleware/callbacks.rb:27:in `block in call'
activesupport (7.0.4) lib/active_support/callbacks.rb:99:in `run_callbacks'
actionpack (7.0.4) lib/action_dispatch/middleware/callbacks.rb:26:in `call'
actionpack (7.0.4) lib/action_dispatch/middleware/executor.rb:14:in `call'
actionpack (7.0.4) lib/action_dispatch/middleware/actionable_exceptions.rb:17:in `call'
actionpack (7.0.4) lib/action_dispatch/middleware/debug_exceptions.rb:28:in `call'
web-console (4.2.0) lib/web_console/middleware.rb:132:in `call_app'
web-console (4.2.0) lib/web_console/middleware.rb:28:in `block in call'
web-console (4.2.0) lib/web_console/middleware.rb:17:in `catch'
web-console (4.2.0) lib/web_console/middleware.rb:17:in `call'
actionpack (7.0.4) lib/action_dispatch/middleware/show_exceptions.rb:26:in `call'
railties (7.0.4) lib/rails/rack/logger.rb:40:in `call_app'
railties (7.0.4) lib/rails/rack/logger.rb:25:in `block in call'
activesupport (7.0.4) lib/active_support/tagged_logging.rb:99:in `block in tagged'
activesupport (7.0.4) lib/active_support/tagged_logging.rb:37:in `tagged'
activesupport (7.0.4) lib/active_support/tagged_logging.rb:99:in `tagged'
railties (7.0.4) lib/rails/rack/logger.rb:25:in `call'
sprockets-rails (3.4.2) lib/sprockets/rails/quiet_assets.rb:13:in `call'
actionpack (7.0.4) lib/action_dispatch/middleware/remote_ip.rb:93:in `call'
actionpack (7.0.4) lib/action_dispatch/middleware/request_id.rb:26:in `call'
rack (2.2.5) lib/rack/method_override.rb:24:in `call'
rack (2.2.5) lib/rack/runtime.rb:22:in `call'
activesupport (7.0.4) lib/active_support/cache/strategy/local_cache_middleware.rb:29:in `call'
actionpack (7.0.4) lib/action_dispatch/middleware/server_timing.rb:61:in `block in call'
actionpack (7.0.4) lib/action_dispatch/middleware/server_timing.rb:26:in `collect_events'
actionpack (7.0.4) lib/action_dispatch/middleware/server_timing.rb:60:in `call'
actionpack (7.0.4) lib/action_dispatch/middleware/executor.rb:14:in `call'
actionpack (7.0.4) lib/action_dispatch/middleware/static.rb:23:in `call'
rack (2.2.5) lib/rack/sendfile.rb:110:in `call'
actionpack (7.0.4) lib/action_dispatch/middleware/host_authorization.rb:137:in `call'
railties (7.0.4) lib/rails/engine.rb:530:in `call'
puma (5.6.5) lib/puma/configuration.rb:252:in `call'
puma (5.6.5) lib/puma/request.rb:77:in `block in handle_request'
puma (5.6.5) lib/puma/thread_pool.rb:340:in `with_force_shutdown'
puma (5.6.5) lib/puma/request.rb:76:in `handle_request'
puma (5.6.5) lib/puma/server.rb:443:in `process_client'
puma (5.6.5) lib/puma/thread_pool.rb:147:in `block in spawn_thread'
Started GET "/aboutus" for 127.0.0.1 at 2023-01-09 14:43:04 +0530
Processing by PagesController#about as HTML
  Rendering layout layouts/application.html.erb
  Rendering pages/about.html.erb within layouts/application
  Rendered pages/about.html.erb within layouts/application (Duration: 5.5ms | Allocations: 961)
  Rendered layout layouts/application.html.erb (Duration: 69.6ms | Allocations: 14415)
Completed 200 OK in 84ms (Views: 78.7ms | Allocations: 15212)


Started GET "/" for 127.0.0.1 at 2023-01-09 14:43:23 +0530
Processing by PagesController#home as HTML
  Rendering layout layouts/application.html.erb
  Rendering pages/home.html.erb within layouts/application
  Rendered pages/home.html.erb within layouts/application (Duration: 1.0ms | Allocations: 99)
  Rendered layout layouts/application.html.erb (Duration: 16.4ms | Allocations: 2521)
Completed 200 OK in 26ms (Views: 19.3ms | Allocations: 2848)


  [1m[35m (199.9ms)[0m  [1m[35mCREATE TABLE "schema_migrations" ("version" varchar NOT NULL PRIMARY KEY)[0m
  [1m[35m (97.1ms)[0m  [1m[35mCREATE TABLE "ar_internal_metadata" ("key" varchar NOT NULL PRIMARY KEY, "value" varchar, "created_at" datetime(6) NOT NULL, "updated_at" datetime(6) NOT NULL)[0m
  [1m[36mActiveRecord::SchemaMigration Pluck (0.6ms)[0m  [1m[34mSELECT "schema_migrations"."version" FROM "schema_migrations" ORDER BY "schema_migrations"."version" ASC[0m
Migrating to CreateArticles (20230109092353)
  [1m[36mTRANSACTION (0.1ms)[0m  [1m[36mbegin transaction[0m
  [1m[35m (1.7ms)[0m  [1m[35mCREATE TABLE "articles" ("id" integer PRIMARY KEY AUTOINCREMENT NOT NULL, "title" varchar, "description" varchar, "created_at" datetime(6) NOT NULL, "updated_at" datetime(6) NOT NULL)[0m
  [1m[36mActiveRecord::SchemaMigration Create (0.7ms)[0m  [1m[32mINSERT INTO "schema_migrations" ("version") VALUES (?)[0m  [["version", "20230109092353"]]
  [1m[36mTRANSACTION (66.6ms)[0m  [1m[36mcommit transaction[0m
  [1m[36mActiveRecord::InternalMetadata Load (0.4ms)[0m  [1m[34mSELECT "ar_internal_metadata".* FROM "ar_internal_metadata" WHERE "ar_internal_metadata"."key" = ? LIMIT ?[0m  [["key", "environment"], ["LIMIT", 1]]
  [1m[36mTRANSACTION (0.1ms)[0m  [1m[36mbegin transaction[0m
  [1m[36mActiveRecord::InternalMetadata Create (1.4ms)[0m  [1m[32mINSERT INTO "ar_internal_metadata" ("key", "value", "created_at", "updated_at") VALUES (?, ?, ?, ?)[0m  [["key", "environment"], ["value", "development"], ["created_at", "2023-01-09 09:27:19.148425"], ["updated_at", "2023-01-09 09:27:19.148425"]]
  [1m[36mTRANSACTION (91.6ms)[0m  [1m[36mcommit transaction[0m
  [1m[36mActiveRecord::SchemaMigration Pluck (0.4ms)[0m  [1m[34mSELECT "schema_migrations"."version" FROM "schema_migrations" ORDER BY "schema_migrations"."version" ASC[0m
Started GET "/" for 127.0.0.1 at 2023-01-10 19:19:18 +0530
  [1m[36mActiveRecord::SchemaMigration Pluck (0.4ms)[0m  [1m[34mSELECT "schema_migrations"."version" FROM "schema_migrations" ORDER BY "schema_migrations"."version" ASC[0m
Processing by PagesController#home as HTML
  Rendering layout layouts/application.html.erb
  Rendering pages/home.html.erb within layouts/application
  Rendered pages/home.html.erb within layouts/application (Duration: 656.6ms | Allocations: 314)
  Rendered layout layouts/application.html.erb (Duration: 3745.9ms | Allocations: 35745)
Completed 200 OK in 4352ms (Views: 3912.7ms | ActiveRecord: 0.0ms | Allocations: 38957)


Started GET "/" for 127.0.0.1 at 2023-01-10 19:34:14 +0530
Processing by ApplicationController#index as HTML
  Rendering html template
  Rendered html template (Duration: 0.3ms | Allocations: 11)
Completed 200 OK in 106ms (Views: 95.5ms | Allocations: 525)


Started GET "/" for 127.0.0.1 at 2023-01-10 20:03:49 +0530
  [1m[36mActiveRecord::SchemaMigration Pluck (0.6ms)[0m  [1m[34mSELECT "schema_migrations"."version" FROM "schema_migrations" ORDER BY "schema_migrations"."version" ASC[0m
Processing by ApplicationController#index as HTML
  Rendering html template
  Rendered html template (Duration: 0.1ms | Allocations: 16)
Completed 200 OK in 132ms (Views: 72.5ms | ActiveRecord: 0.0ms | Allocations: 2266)


Started GET "/" for 127.0.0.1 at 2023-01-10 20:04:09 +0530
Processing by ApplicationController#index as HTML
  Rendering html template
  Rendered html template (Duration: 0.4ms | Allocations: 6)
Completed 200 OK in 17ms (Views: 6.5ms | ActiveRecord: 0.0ms | Allocations: 183)


Started GET "/" for 127.0.0.1 at 2023-01-10 20:04:54 +0530
Processing by ApplicationController#index as HTML
  Rendering html template
  Rendered html template (Duration: 0.2ms | Allocations: 6)
Completed 200 OK in 58ms (Views: 15.4ms | Allocations: 408)


Started GET "/" for 127.0.0.1 at 2023-01-10 20:06:11 +0530
  [1m[36mActiveRecord::SchemaMigration Pluck (0.8ms)[0m  [1m[34mSELECT "schema_migrations"."version" FROM "schema_migrations" ORDER BY "schema_migrations"."version" ASC[0m
Processing by ApplicationController#index as HTML
  Rendering html template
  Rendered html template (Duration: 0.1ms | Allocations: 16)
Completed 200 OK in 101ms (Views: 40.5ms | ActiveRecord: 0.0ms | Allocations: 2268)


Started GET "/" for 127.0.0.1 at 2023-01-10 20:08:20 +0530
  [1m[36mActiveRecord::SchemaMigration Pluck (0.4ms)[0m  [1m[34mSELECT "schema_migrations"."version" FROM "schema_migrations" ORDER BY "schema_migrations"."version" ASC[0m
Processing by PagesController#home as HTML
  Rendering layout layouts/application.html.erb
  Rendering pages/home.html.erb within layouts/application
  Rendered pages/home.html.erb within layouts/application (Duration: 15.8ms | Allocations: 309)
  Rendered layout layouts/application.html.erb (Duration: 552.9ms | Allocations: 35460)
Completed 200 OK in 696ms (Views: 578.0ms | ActiveRecord: 0.0ms | Allocations: 38673)


Started GET "/" for 127.0.0.1 at 2023-01-10 21:50:16 +0530
  [1m[36mActiveRecord::SchemaMigration Pluck (0.9ms)[0m  [1m[34mSELECT "schema_migrations"."version" FROM "schema_migrations" ORDER BY "schema_migrations"."version" ASC[0m
Processing by PagesController#home as HTML
  Rendering layout layouts/application.html.erb
  Rendering pages/home.html.erb within layouts/application
  Rendered pages/home.html.erb within layouts/application (Duration: 13.0ms | Allocations: 309)
  Rendered layout layouts/application.html.erb (Duration: 516.8ms | Allocations: 35856)
Completed 200 OK in 657ms (Views: 553.7ms | ActiveRecord: 0.0ms | Allocations: 39069)


Started GET "/aboutus" for 127.0.0.1 at 2023-01-10 21:50:29 +0530
  
ActionController::RoutingError (No route matches [GET] "/aboutus"):
  
Started GET "/aboutus" for 127.0.0.1 at 2023-01-10 21:51:44 +0530
Processing by PagesController#about as HTML
  Rendering layout layouts/application.html.erb
  Rendering pages/about.html.erb within layouts/application
  Rendered pages/about.html.erb within layouts/application (Duration: 102.2ms | Allocations: 985)
  Rendered layout layouts/application.html.erb (Duration: 230.1ms | Allocations: 14324)
Completed 200 OK in 270ms (Views: 237.3ms | Allocations: 14906)


Started GET "/aboutus" for 127.0.0.1 at 2023-01-10 21:58:07 +0530
Processing by PagesController#about as HTML
  Rendering layout layouts/application.html.erb
  Rendering pages/about.html.erb within layouts/application
  Rendered pages/about.html.erb within layouts/application (Duration: 2.0ms | Allocations: 129)
  Rendered layout layouts/application.html.erb (Duration: 84.3ms | Allocations: 2812)
Completed 200 OK in 151ms (Views: 135.7ms | Allocations: 3528)


Started GET "/aboutus" for 127.0.0.1 at 2023-01-10 21:58:12 +0530
Processing by PagesController#about as HTML
  Rendering layout layouts/application.html.erb
  Rendering pages/about.html.erb within layouts/application
  Rendered pages/about.html.erb within layouts/application (Duration: 0.1ms | Allocations: 7)
  Rendered layout layouts/application.html.erb (Duration: 94.2ms | Allocations: 2415)
Completed 200 OK in 131ms (Views: 108.7ms | Allocations: 2689)


Started GET "/aboutus" for 127.0.0.1 at 2023-01-10 22:00:04 +0530
Processing by PagesController#about as HTML
  Rendering layout layouts/application.html.erb
  Rendering pages/about.html.erb within layouts/application
  Rendered pages/about.html.erb within layouts/application (Duration: 31.7ms | Allocations: 102)
  Rendered layout layouts/application.html.erb (Duration: 156.3ms | Allocations: 2772)
Completed 200 OK in 257ms (Views: 208.3ms | Allocations: 3487)


Started GET "/" for 127.0.0.1 at 2023-01-10 22:23:37 +0530
  [1m[36mActiveRecord::SchemaMigration Pluck (0.4ms)[0m  [1m[34mSELECT "schema_migrations"."version" FROM "schema_migrations" ORDER BY "schema_migrations"."version" ASC[0m
Processing by PagesController#home as HTML
  Rendering layout layouts/application.html.erb
  Rendering pages/home.html.erb within layouts/application
  Rendered pages/home.html.erb within layouts/application (Duration: 23.1ms | Allocations: 309)
  Rendered layout layouts/application.html.erb (Duration: 389.2ms | Allocations: 35831)
Completed 200 OK in 522ms (Views: 421.4ms | ActiveRecord: 0.0ms | Allocations: 39043)


Started GET "/" for 127.0.0.1 at 2023-01-10 22:23:52 +0530
Processing by PagesController#home as HTML
  Rendering layout layouts/application.html.erb
  Rendering pages/home.html.erb within layouts/application
  Rendered pages/home.html.erb within layouts/application (Duration: 0.1ms | Allocations: 7)
  Rendered layout layouts/application.html.erb (Duration: 58.8ms | Allocations: 2425)
Completed 200 OK in 100ms (Views: 65.6ms | ActiveRecord: 0.0ms | Allocations: 2702)


  [1m[36mActiveRecord::SchemaMigration Pluck (0.5ms)[0m  [1m[34mSELECT "schema_migrations"."version" FROM "schema_migrations" ORDER BY "schema_migrations"."version" ASC[0m
  [1m[36mActiveRecord::InternalMetadata Load (0.6ms)[0m  [1m[34mSELECT "ar_internal_metadata".* FROM "ar_internal_metadata" WHERE "ar_internal_metadata"."key" = ? LIMIT ?[0m  [["key", "environment"], ["LIMIT", 1]]
  [1m[36mActiveRecord::SchemaMigration Pluck (0.4ms)[0m  [1m[34mSELECT "schema_migrations"."version" FROM "schema_migrations" ORDER BY "schema_migrations"."version" ASC[0m
Started GET "/articles" for 127.0.0.1 at 2023-01-10 22:28:57 +0530
  [1m[36mActiveRecord::SchemaMigration Pluck (0.4ms)[0m  [1m[34mSELECT "schema_migrations"."version" FROM "schema_migrations" ORDER BY "schema_migrations"."version" ASC[0m
Processing by ArticlesController#index as HTML
  Rendering layout layouts/application.html.erb
  Rendering articles/index.html.erb within layouts/application
  [1m[36mArticle Load (0.4ms)[0m  [1m[34mSELECT "articles".* FROM "articles"[0m
   app/views/articles/index.html.erb:6
  Rendered articles/index.html.erb within layouts/application (Duration: 108.7ms | Allocations: 1628)
  Rendered layout layouts/application.html.erb (Duration: 471.6ms | Allocations: 36732)
Completed 200 OK in 649ms (Views: 502.3ms | ActiveRecord: 0.4ms | Allocations: 40707)


Started GET "/articles/new" for 127.0.0.1 at 2023-01-10 22:29:05 +0530
Processing by ArticlesController#new as HTML
  Rendering layout layouts/application.html.erb
  Rendering articles/new.html.erb within layouts/application
  Rendered articles/_form.html.erb (Duration: 564.6ms | Allocations: 4791)
  Rendered articles/new.html.erb within layouts/application (Duration: 670.7ms | Allocations: 5097)
  Rendered layout layouts/application.html.erb (Duration: 750.0ms | Allocations: 7350)
Completed 200 OK in 823ms (Views: 754.4ms | ActiveRecord: 3.6ms | Allocations: 11632)


Started GET "/articles" for 127.0.0.1 at 2023-01-10 22:29:21 +0530
Processing by ArticlesController#index as HTML
  Rendering layout layouts/application.html.erb
  Rendering articles/index.html.erb within layouts/application
  [1m[36mArticle Load (0.3ms)[0m  [1m[34mSELECT "articles".* FROM "articles"[0m
   app/views/articles/index.html.erb:6
  Rendered articles/index.html.erb within layouts/application (Duration: 7.8ms | Allocations: 744)
  Rendered layout layouts/application.html.erb (Duration: 125.3ms | Allocations: 2997)
Completed 200 OK in 171ms (Views: 150.3ms | ActiveRecord: 0.3ms | Allocations: 3290)


Started GET "/articles/new" for 127.0.0.1 at 2023-01-10 22:29:23 +0530
Processing by ArticlesController#new as HTML
  Rendering layout layouts/application.html.erb
  Rendering articles/new.html.erb within layouts/application
  Rendered articles/_form.html.erb (Duration: 4.7ms | Allocations: 993)
  Rendered articles/new.html.erb within layouts/application (Duration: 6.2ms | Allocations: 1082)
  Rendered layout layouts/application.html.erb (Duration: 82.4ms | Allocations: 3335)
Completed 200 OK in 99ms (Views: 90.7ms | ActiveRecord: 0.0ms | Allocations: 3630)


Started GET "/articles/" for 127.0.0.1 at 2023-01-10 22:56:20 +0530
Processing by ArticlesController#index as HTML
  Rendering layout layouts/application.html.erb
  Rendering articles/index.html.erb within layouts/application
  [1m[36mArticle Load (1.3ms)[0m  [1m[34mSELECT "articles".* FROM "articles"[0m
   app/views/articles/index.html.erb:6
  Rendered articles/index.html.erb within layouts/application (Duration: 16.3ms | Allocations: 914)
  Rendered layout layouts/application.html.erb (Duration: 55.3ms | Allocations: 3165)
Completed 200 OK in 77ms (Views: 62.0ms | ActiveRecord: 2.3ms | Allocations: 3450)


Started GET "/articles/new" for 127.0.0.1 at 2023-01-10 22:56:26 +0530
Processing by ArticlesController#new as HTML
  Rendering layout layouts/application.html.erb
  Rendering articles/new.html.erb within layouts/application
  Rendered articles/_form.html.erb (Duration: 9.1ms | Allocations: 987)
  Rendered articles/new.html.erb within layouts/application (Duration: 11.7ms | Allocations: 1076)
  Rendered layout layouts/application.html.erb (Duration: 60.6ms | Allocations: 3327)
Completed 200 OK in 79ms (Views: 64.6ms | ActiveRecord: 0.0ms | Allocations: 3616)


Started POST "/articles" for 127.0.0.1 at 2023-01-10 22:56:41 +0530
Processing by ArticlesController#create as TURBO_STREAM
  Parameters: {"authenticity_token"=>"[FILTERED]", "article"=>{"title"=>"ruby", "description"=>"rails"}, "commit"=>"Create Article"}
  [1m[36mTRANSACTION (0.2ms)[0m  [1m[36mbegin transaction[0m
   app/controllers/articles_controller.rb:27:in `block in create'
  [1m[36mArticle Create (22.6ms)[0m  [1m[32mINSERT INTO "articles" ("title", "description", "created_at", "updated_at") VALUES (?, ?, ?, ?)[0m  [["title", "ruby"], ["description", "rails"], ["created_at", "2023-01-10 17:26:41.466916"], ["updated_at", "2023-01-10 17:26:41.466916"]]
   app/controllers/articles_controller.rb:27:in `block in create'
  [1m[36mTRANSACTION (108.6ms)[0m  [1m[36mcommit transaction[0m
   app/controllers/articles_controller.rb:27:in `block in create'
Redirected to http://127.0.0.1:3001/articles/1
Completed 302 Found in 245ms (ActiveRecord: 131.4ms | Allocations: 3640)


Started GET "/articles/1" for 127.0.0.1 at 2023-01-10 22:56:41 +0530
Processing by ArticlesController#show as TURBO_STREAM
  Parameters: {"id"=>"1"}
  [1m[36mArticle Load (2.9ms)[0m  [1m[34mSELECT "articles".* FROM "articles" WHERE "articles"."id" = ? LIMIT ?[0m  [["id", 1], ["LIMIT", 1]]
   app/controllers/articles_controller.rb:63:in `set_article'
  Rendering layout layouts/application.html.erb
  Rendering articles/show.html.erb within layouts/application
  Rendered articles/_article.html.erb (Duration: 269.4ms | Allocations: 179)
  Rendered articles/show.html.erb within layouts/application (Duration: 616.9ms | Allocations: 1395)
  Rendered layout layouts/application.html.erb (Duration: 679.5ms | Allocations: 3638)
Completed 200 OK in 769ms (Views: 684.9ms | ActiveRecord: 2.9ms | Allocations: 6278)


Started GET "/articles" for 127.0.0.1 at 2023-01-10 22:56:49 +0530
Processing by ArticlesController#index as HTML
  Rendering layout layouts/application.html.erb
  Rendering articles/index.html.erb within layouts/application
  [1m[36mArticle Load (0.4ms)[0m  [1m[34mSELECT "articles".* FROM "articles"[0m
   app/views/articles/index.html.erb:6
  Rendered articles/_article.html.erb (Duration: 0.5ms | Allocations: 19)
  Rendered articles/index.html.erb within layouts/application (Duration: 55.1ms | Allocations: 893)
  Rendered layout layouts/application.html.erb (Duration: 122.1ms | Allocations: 3182)
Completed 200 OK in 146ms (Views: 128.6ms | ActiveRecord: 0.4ms | Allocations: 3475)


Started GET "/articles/new" for 127.0.0.1 at 2023-01-10 22:56:56 +0530
Processing by ArticlesController#new as HTML
  Rendering layout layouts/application.html.erb
  Rendering articles/new.html.erb within layouts/application
  Rendered articles/_form.html.erb (Duration: 8.2ms | Allocations: 985)
  Rendered articles/new.html.erb within layouts/application (Duration: 16.0ms | Allocations: 1074)
  Rendered layout layouts/application.html.erb (Duration: 56.0ms | Allocations: 3349)
Completed 200 OK in 73ms (Views: 61.3ms | ActiveRecord: 0.0ms | Allocations: 3638)


Started POST "/articles" for 127.0.0.1 at 2023-01-10 22:57:10 +0530
Processing by ArticlesController#create as TURBO_STREAM
  Parameters: {"authenticity_token"=>"[FILTERED]", "article"=>{"title"=>"react", "description"=>"frontend"}, "commit"=>"Create Article"}
  [1m[36mTRANSACTION (0.2ms)[0m  [1m[36mbegin transaction[0m
   app/controllers/articles_controller.rb:27:in `block in create'
  [1m[36mArticle Create (54.3ms)[0m  [1m[32mINSERT INTO "articles" ("title", "description", "created_at", "updated_at") VALUES (?, ?, ?, ?)[0m  [["title", "react"], ["description", "frontend"], ["created_at", "2023-01-10 17:27:10.863303"], ["updated_at", "2023-01-10 17:27:10.863303"]]
   app/controllers/articles_controller.rb:27:in `block in create'
  [1m[36mTRANSACTION (506.5ms)[0m  [1m[36mcommit transaction[0m
   app/controllers/articles_controller.rb:27:in `block in create'
Redirected to http://127.0.0.1:3001/articles/2
Completed 302 Found in 606ms (ActiveRecord: 560.9ms | Allocations: 2273)


Started GET "/articles/2" for 127.0.0.1 at 2023-01-10 22:57:11 +0530
Processing by ArticlesController#show as TURBO_STREAM
  Parameters: {"id"=>"2"}
  [1m[36mArticle Load (0.5ms)[0m  [1m[34mSELECT "articles".* FROM "articles" WHERE "articles"."id" = ? LIMIT ?[0m  [["id", 2], ["LIMIT", 1]]
   app/controllers/articles_controller.rb:63:in `set_article'
  Rendering layout layouts/application.html.erb
  Rendering articles/show.html.erb within layouts/application
  Rendered articles/_article.html.erb (Duration: 0.2ms | Allocations: 19)
  Rendered articles/show.html.erb within layouts/application (Duration: 9.7ms | Allocations: 576)
  Rendered layout layouts/application.html.erb (Duration: 55.1ms | Allocations: 2819)
Completed 200 OK in 84ms (Views: 59.9ms | ActiveRecord: 0.5ms | Allocations: 3573)


Started GET "/articles" for 127.0.0.1 at 2023-01-10 22:57:18 +0530
Processing by ArticlesController#index as HTML
  Rendering layout layouts/application.html.erb
  Rendering articles/index.html.erb within layouts/application
  [1m[36mArticle Load (0.6ms)[0m  [1m[34mSELECT "articles".* FROM "articles"[0m
   app/views/articles/index.html.erb:6
  Rendered articles/_article.html.erb (Duration: 0.3ms | Allocations: 19)
  Rendered articles/_article.html.erb (Duration: 0.1ms | Allocations: 18)
  Rendered articles/index.html.erb within layouts/application (Duration: 14.4ms | Allocations: 1015)
  Rendered layout layouts/application.html.erb (Duration: 39.1ms | Allocations: 3266)
Completed 200 OK in 108ms (Views: 97.3ms | ActiveRecord: 0.6ms | Allocations: 3553)


Started GET "/" for 127.0.0.1 at 2023-01-10 23:01:47 +0530
  [1m[36mActiveRecord::SchemaMigration Pluck (3.1ms)[0m  [1m[34mSELECT "schema_migrations"."version" FROM "schema_migrations" ORDER BY "schema_migrations"."version" ASC[0m
Processing by PagesController#home as HTML
  Rendering layout layouts/application.html.erb
  Rendering pages/home.html.erb within layouts/application
  Rendered pages/home.html.erb within layouts/application (Duration: 10.1ms | Allocations: 309)
  Rendered layout layouts/application.html.erb (Duration: 382.8ms | Allocations: 35877)
Completed 200 OK in 497ms (Views: 414.2ms | ActiveRecord: 0.0ms | Allocations: 39089)


Started GET "/aboutus" for 127.0.0.1 at 2023-01-10 23:02:00 +0530
Processing by PagesController#about as HTML
  Rendering layout layouts/application.html.erb
  Rendering pages/about.html.erb within layouts/application
  Rendered pages/about.html.erb within layouts/application (Duration: 26.5ms | Allocations: 929)
  Rendered layout layouts/application.html.erb (Duration: 92.0ms | Allocations: 3133)
Completed 200 OK in 135ms (Views: 102.4ms | ActiveRecord: 0.0ms | Allocations: 3466)


Started GET "/articles" for 127.0.0.1 at 2023-01-10 23:02:17 +0530
  
ActionController::RoutingError (No route matches [GET] "/articles"):
  
Started GET "/articles" for 127.0.0.1 at 2023-01-10 23:02:48 +0530
Processing by ArticlesController#index as HTML
  Rendering layout layouts/application.html.erb
  Rendering articles/index.html.erb within layouts/application
  [1m[36mArticle Load (0.6ms)[0m  [1m[34mSELECT "articles".* FROM "articles"[0m
   app/views/articles/index.html.erb:6
  Rendered articles/_article.html.erb (Duration: 1.2ms | Allocations: 196)
  Rendered articles/_article.html.erb (Duration: 0.2ms | Allocations: 18)
  Rendered articles/index.html.erb within layouts/application (Duration: 180.2ms | Allocations: 6011)
  Rendered layout layouts/application.html.erb (Duration: 334.6ms | Allocations: 19455)
Completed 200 OK in 389ms (Views: 356.2ms | ActiveRecord: 4.9ms | Allocations: 20806)


Started GET "/movielists" for 127.0.0.1 at 2023-01-10 23:38:42 +0530
  [1m[36mActiveRecord::SchemaMigration Pluck (0.5ms)[0m  [1m[34mSELECT "schema_migrations"."version" FROM "schema_migrations" ORDER BY "schema_migrations"."version" ASC[0m
  [1m[36mCACHE ActiveRecord::SchemaMigration Pluck (0.0ms)[0m  [1m[34mSELECT "schema_migrations"."version" FROM "schema_migrations" ORDER BY "schema_migrations"."version" ASC[0m
  
ActiveRecord::PendingMigrationError (

Migrations are pending. To resolve this issue, run:

        bin/rails db:migrate RAILS_ENV=development

You have 1 pending migration:

20230110180730_create_movielists.rb


):
  
activerecord (7.0.4) lib/active_record/migration.rb:627:in `check_pending!'
activerecord (7.0.4) lib/active_record/migration.rb:592:in `block (2 levels) in call'
activesupport (7.0.4) lib/active_support/file_update_checker.rb:83:in `execute'
activesupport (7.0.4) lib/active_support/file_update_checker.rb:93:in `execute_if_updated'
activerecord (7.0.4) lib/active_record/migration.rb:599:in `block in call'
activerecord (7.0.4) lib/active_record/migration.rb:589:in `synchronize'
activerecord (7.0.4) lib/active_record/migration.rb:589:in `call'
actionpack (7.0.4) lib/action_dispatch/middleware/callbacks.rb:27:in `block in call'
activesupport (7.0.4) lib/active_support/callbacks.rb:99:in `run_callbacks'
actionpack (7.0.4) lib/action_dispatch/middleware/callbacks.rb:26:in `call'
actionpack (7.0.4) lib/action_dispatch/middleware/executor.rb:14:in `call'
actionpack (7.0.4) lib/action_dispatch/middleware/actionable_exceptions.rb:17:in `call'
actionpack (7.0.4) lib/action_dispatch/middleware/debug_exceptions.rb:28:in `call'
web-console (4.2.0) lib/web_console/middleware.rb:132:in `call_app'
web-console (4.2.0) lib/web_console/middleware.rb:28:in `block in call'
web-console (4.2.0) lib/web_console/middleware.rb:17:in `catch'
web-console (4.2.0) lib/web_console/middleware.rb:17:in `call'
actionpack (7.0.4) lib/action_dispatch/middleware/show_exceptions.rb:26:in `call'
railties (7.0.4) lib/rails/rack/logger.rb:40:in `call_app'
railties (7.0.4) lib/rails/rack/logger.rb:25:in `block in call'
activesupport (7.0.4) lib/active_support/tagged_logging.rb:99:in `block in tagged'
activesupport (7.0.4) lib/active_support/tagged_logging.rb:37:in `tagged'
activesupport (7.0.4) lib/active_support/tagged_logging.rb:99:in `tagged'
railties (7.0.4) lib/rails/rack/logger.rb:25:in `call'
sprockets-rails (3.4.2) lib/sprockets/rails/quiet_assets.rb:13:in `call'
actionpack (7.0.4) lib/action_dispatch/middleware/remote_ip.rb:93:in `call'
actionpack (7.0.4) lib/action_dispatch/middleware/request_id.rb:26:in `call'
rack (2.2.5) lib/rack/method_override.rb:24:in `call'
rack (2.2.5) lib/rack/runtime.rb:22:in `call'
activesupport (7.0.4) lib/active_support/cache/strategy/local_cache_middleware.rb:29:in `call'
actionpack (7.0.4) lib/action_dispatch/middleware/server_timing.rb:61:in `block in call'
actionpack (7.0.4) lib/action_dispatch/middleware/server_timing.rb:26:in `collect_events'
actionpack (7.0.4) lib/action_dispatch/middleware/server_timing.rb:60:in `call'
actionpack (7.0.4) lib/action_dispatch/middleware/executor.rb:14:in `call'
actionpack (7.0.4) lib/action_dispatch/middleware/static.rb:23:in `call'
rack (2.2.5) lib/rack/sendfile.rb:110:in `call'
actionpack (7.0.4) lib/action_dispatch/middleware/host_authorization.rb:137:in `call'
railties (7.0.4) lib/rails/engine.rb:530:in `call'
puma (5.6.5) lib/puma/configuration.rb:252:in `call'
puma (5.6.5) lib/puma/request.rb:77:in `block in handle_request'
puma (5.6.5) lib/puma/thread_pool.rb:340:in `with_force_shutdown'
puma (5.6.5) lib/puma/request.rb:76:in `handle_request'
puma (5.6.5) lib/puma/server.rb:443:in `process_client'
puma (5.6.5) lib/puma/thread_pool.rb:147:in `block in spawn_thread'
  [1m[36mActiveRecord::SchemaMigration Pluck (0.4ms)[0m  [1m[34mSELECT "schema_migrations"."version" FROM "schema_migrations" ORDER BY "schema_migrations"."version" ASC[0m
Migrating to CreateMovielists (20230110180730)
  [1m[36mTRANSACTION (0.2ms)[0m  [1m[36mbegin transaction[0m
  [1m[35m (35.7ms)[0m  [1m[35mCREATE TABLE "movielists" ("id" integer PRIMARY KEY AUTOINCREMENT NOT NULL, "name" varchar, "description" varchar, "director" varchar, "languagestring" varchar, "created_at" datetime(6) NOT NULL, "updated_at" datetime(6) NOT NULL)[0m
  [1m[36mActiveRecord::SchemaMigration Create (2.6ms)[0m  [1m[32mINSERT INTO "schema_migrations" ("version") VALUES (?)[0m  [["version", "20230110180730"]]
  [1m[36mTRANSACTION (104.4ms)[0m  [1m[36mcommit transaction[0m
  [1m[36mActiveRecord::InternalMetadata Load (0.6ms)[0m  [1m[34mSELECT "ar_internal_metadata".* FROM "ar_internal_metadata" WHERE "ar_internal_metadata"."key" = ? LIMIT ?[0m  [["key", "environment"], ["LIMIT", 1]]
  [1m[36mActiveRecord::SchemaMigration Pluck (0.4ms)[0m  [1m[34mSELECT "schema_migrations"."version" FROM "schema_migrations" ORDER BY "schema_migrations"."version" ASC[0m
Started GET "/movielists" for 127.0.0.1 at 2023-01-10 23:40:18 +0530
  [1m[36mActiveRecord::SchemaMigration Pluck (0.5ms)[0m  [1m[34mSELECT "schema_migrations"."version" FROM "schema_migrations" ORDER BY "schema_migrations"."version" ASC[0m
Processing by MovielistsController#index as HTML
  Rendering layout layouts/application.html.erb
  Rendering movielists/index.html.erb within layouts/application
  [1m[36mMovielist Load (1.0ms)[0m  [1m[34mSELECT "movielists".* FROM "movielists"[0m
   app/views/movielists/index.html.erb:6
  Rendered movielists/index.html.erb within layouts/application (Duration: 50.8ms | Allocations: 1085)
  Rendered layout layouts/application.html.erb (Duration: 232.2ms | Allocations: 14712)
Completed 200 OK in 311ms (Views: 249.8ms | ActiveRecord: 1.0ms | Allocations: 16158)


Started GET "/movielists/new" for 127.0.0.1 at 2023-01-10 23:40:23 +0530
Processing by MovielistsController#new as HTML
  Rendering layout layouts/application.html.erb
  Rendering movielists/new.html.erb within layouts/application
  Rendered movielists/_form.html.erb (Duration: 208.5ms | Allocations: 3561)
  Rendered movielists/new.html.erb within layouts/application (Duration: 226.2ms | Allocations: 3844)
  Rendered layout layouts/application.html.erb (Duration: 267.4ms | Allocations: 6096)
Completed 200 OK in 1698ms (Views: 275.8ms | ActiveRecord: 1382.4ms | Allocations: 9521)


Started POST "/movielists" for 127.0.0.1 at 2023-01-10 23:41:13 +0530
Processing by MovielistsController#create as TURBO_STREAM
  Parameters: {"authenticity_token"=>"[FILTERED]", "movielist"=>{"name"=>"Mother India", "description"=>"patriotic", "director"=>"Sham Bengal", "languagestring"=>"Hindi"}, "commit"=>"Create Movielist"}
  [1m[36mTRANSACTION (0.4ms)[0m  [1m[36mbegin transaction[0m
   app/controllers/movielists_controller.rb:27:in `block in create'
  [1m[36mMovielist Create (6.2ms)[0m  [1m[32mINSERT INTO "movielists" ("name", "description", "director", "languagestring", "created_at", "updated_at") VALUES (?, ?, ?, ?, ?, ?)[0m  [["name", "Mother India"], ["description", "patriotic"], ["director", "Sham Bengal"], ["languagestring", "Hindi"], ["created_at", "2023-01-10 18:11:13.930574"], ["updated_at", "2023-01-10 18:11:13.930574"]]
   app/controllers/movielists_controller.rb:27:in `block in create'
  [1m[36mTRANSACTION (109.9ms)[0m  [1m[36mcommit transaction[0m
   app/controllers/movielists_controller.rb:27:in `block in create'
Redirected to http://127.0.0.1:3001/movielists/1
Completed 302 Found in 187ms (ActiveRecord: 116.5ms | Allocations: 3678)


Started GET "/movielists/1" for 127.0.0.1 at 2023-01-10 23:41:14 +0530
Processing by MovielistsController#show as TURBO_STREAM
  Parameters: {"id"=>"1"}
  [1m[36mMovielist Load (0.5ms)[0m  [1m[34mSELECT "movielists".* FROM "movielists" WHERE "movielists"."id" = ? LIMIT ?[0m  [["id", 1], ["LIMIT", 1]]
   app/controllers/movielists_controller.rb:63:in `set_movielist'
  Rendering layout layouts/application.html.erb
  Rendering movielists/show.html.erb within layouts/application
  Rendered movielists/_movielist.html.erb (Duration: 5.2ms | Allocations: 217)
  Rendered movielists/show.html.erb within layouts/application (Duration: 19.0ms | Allocations: 1150)
  Rendered layout layouts/application.html.erb (Duration: 54.6ms | Allocations: 3393)
Completed 200 OK in 104ms (Views: 63.0ms | ActiveRecord: 0.5ms | Allocations: 6016)


Started GET "/movielists" for 127.0.0.1 at 2023-01-10 23:41:34 +0530
Processing by MovielistsController#index as HTML
  Rendering layout layouts/application.html.erb
  Rendering movielists/index.html.erb within layouts/application
  [1m[36mMovielist Load (0.3ms)[0m  [1m[34mSELECT "movielists".* FROM "movielists"[0m
   app/views/movielists/index.html.erb:6
  Rendered movielists/_movielist.html.erb (Duration: 0.3ms | Allocations: 23)
  Rendered movielists/index.html.erb within layouts/application (Duration: 11.4ms | Allocations: 902)
  Rendered layout layouts/application.html.erb (Duration: 43.7ms | Allocations: 3155)
Completed 200 OK in 56ms (Views: 48.5ms | ActiveRecord: 0.3ms | Allocations: 3448)


Started GET "/movielists/new" for 127.0.0.1 at 2023-01-10 23:41:37 +0530
Processing by MovielistsController#new as HTML
  Rendering layout layouts/application.html.erb
  Rendering movielists/new.html.erb within layouts/application
  Rendered movielists/_form.html.erb (Duration: 10.4ms | Allocations: 1459)
  Rendered movielists/new.html.erb within layouts/application (Duration: 13.2ms | Allocations: 1548)
  Rendered layout layouts/application.html.erb (Duration: 38.8ms | Allocations: 3799)
Completed 200 OK in 52ms (Views: 43.3ms | ActiveRecord: 0.0ms | Allocations: 4090)


Started POST "/movielists" for 127.0.0.1 at 2023-01-10 23:42:09 +0530
Processing by MovielistsController#create as TURBO_STREAM
  Parameters: {"authenticity_token"=>"[FILTERED]", "movielist"=>{"name"=>"Hangama", "description"=>"comedy", "director"=>"Vidhu", "languagestring"=>"Hindi"}, "commit"=>"Create Movielist"}
  [1m[36mTRANSACTION (0.4ms)[0m  [1m[36mbegin transaction[0m
   app/controllers/movielists_controller.rb:27:in `block in create'
  [1m[36mMovielist Create (2.1ms)[0m  [1m[32mINSERT INTO "movielists" ("name", "description", "director", "languagestring", "created_at", "updated_at") VALUES (?, ?, ?, ?, ?, ?)[0m  [["name", "Hangama"], ["description", "comedy"], ["director", "Vidhu"], ["languagestring", "Hindi"], ["created_at", "2023-01-10 18:12:09.431843"], ["updated_at", "2023-01-10 18:12:09.431843"]]
   app/controllers/movielists_controller.rb:27:in `block in create'
  [1m[36mTRANSACTION (138.1ms)[0m  [1m[36mcommit transaction[0m
   app/controllers/movielists_controller.rb:27:in `block in create'
Redirected to http://127.0.0.1:3001/movielists/2
Completed 302 Found in 175ms (ActiveRecord: 140.5ms | Allocations: 2308)


Started GET "/movielists/2" for 127.0.0.1 at 2023-01-10 23:42:09 +0530
Processing by MovielistsController#show as TURBO_STREAM
  Parameters: {"id"=>"2"}
  [1m[36mMovielist Load (0.4ms)[0m  [1m[34mSELECT "movielists".* FROM "movielists" WHERE "movielists"."id" = ? LIMIT ?[0m  [["id", 2], ["LIMIT", 1]]
   app/controllers/movielists_controller.rb:63:in `set_movielist'
  Rendering layout layouts/application.html.erb
  Rendering movielists/show.html.erb within layouts/application
  Rendered movielists/_movielist.html.erb (Duration: 0.1ms | Allocations: 23)
  Rendered movielists/show.html.erb within layouts/application (Duration: 7.3ms | Allocations: 585)
  Rendered layout layouts/application.html.erb (Duration: 42.6ms | Allocations: 2828)
Completed 200 OK in 77ms (Views: 52.0ms | ActiveRecord: 0.4ms | Allocations: 3584)


Started GET "/movielists" for 127.0.0.1 at 2023-01-10 23:42:49 +0530
Processing by MovielistsController#index as HTML
  Rendering layout layouts/application.html.erb
  Rendering movielists/index.html.erb within layouts/application
  [1m[36mMovielist Load (0.5ms)[0m  [1m[34mSELECT "movielists".* FROM "movielists"[0m
   app/views/movielists/index.html.erb:6
  Rendered movielists/_movielist.html.erb (Duration: 0.3ms | Allocations: 23)
  Rendered movielists/_movielist.html.erb (Duration: 0.4ms | Allocations: 22)
  Rendered movielists/index.html.erb within layouts/application (Duration: 17.4ms | Allocations: 1027)
  Rendered layout layouts/application.html.erb (Duration: 48.3ms | Allocations: 3278)
Completed 200 OK in 61ms (Views: 52.2ms | ActiveRecord: 0.5ms | Allocations: 3565)


Started GET "/articles" for 127.0.0.1 at 2023-01-10 23:45:38 +0530
Processing by ArticlesController#index as HTML
  Rendering layout layouts/application.html.erb
  Rendering articles/index.html.erb within layouts/application
  [1m[36mArticle Load (0.7ms)[0m  [1m[34mSELECT "articles".* FROM "articles"[0m
   app/views/articles/index.html.erb:6
  Rendered articles/_article.html.erb (Duration: 2.2ms | Allocations: 175)
  Rendered articles/_article.html.erb (Duration: 0.1ms | Allocations: 18)
  Rendered articles/index.html.erb within layouts/application (Duration: 37.3ms | Allocations: 3064)
  Rendered layout layouts/application.html.erb (Duration: 67.0ms | Allocations: 5437)
Completed 200 OK in 102ms (Views: 80.5ms | ActiveRecord: 2.4ms | Allocations: 6482)


